#
# A fatal error has been detected by the Java Runtime Environment:
#
#  EXCEPTION_ACCESS_VIOLATION (0xc0000005) at pc=0x000000005701d768, pid=18284, tid=15632
#
# JRE version: OpenJDK Runtime Environment AdoptOpenJDK (11.0.10+9) (build 11.0.10+9)
# Java VM: OpenJDK 64-Bit Server VM AdoptOpenJDK (11.0.10+9, mixed mode, tiered, compressed oops, g1 gc, windows-amd64)
# Problematic frame:
# C  [QtGui4.dll+0x5d768]
#
# No core dump will be written. Minidumps are not enabled by default on client versions of Windows
#
# If you would like to submit a bug report, please visit:
#   https://github.com/AdoptOpenJDK/openjdk-support/issues
# The crash happened outside the Java Virtual Machine in native code.
# See problematic frame for where to report the bug.
#

---------------  S U M M A R Y ------------

Command Line: -javaagent:E:\IntelliJ IDEA 2020.3.3\lib\idea_rt.jar=64614:E:\IntelliJ IDEA 2020.3.3\bin -Dfile.encoding=UTF-8 Application

Host: Intel(R) Core(TM) i5-8400 CPU @ 2.80GHz, 6 cores, 15G,  Windows 10 , 64 bit Build 19041 (10.0.19041.928)
Time: Wed Apr 21 22:29:08 2021 RTZ 2 (зима) elapsed time: 10.667099 seconds (0d 0h 0m 10s)

---------------  T H R E A D  ---------------

Current thread (0x0000028b5a510000):  JavaThread "main" [_thread_in_native, id=15632, stack(0x000000adc1100000,0x000000adc1200000)]

Stack: [0x000000adc1100000,0x000000adc1200000],  sp=0x000000adc11fa790,  free space=1001k
Native frames: (J=compiled Java code, j=interpreted, Vv=VM code, C=native code)
C  [QtGui4.dll+0x5d768]

Java frames: (J=compiled Java code, j=interpreted, Vv=VM code)
j  com.trolltech.qt.gui.QApplication.exec_internal()I+0
j  com.trolltech.qt.gui.QApplication.execStatic()I+16
j  Application.main([Ljava/lang/String;)V+12
v  ~StubRoutines::call_stub

siginfo: EXCEPTION_ACCESS_VIOLATION (0xc0000005), reading address 0x0000000000000020


Register to memory mapping:

RIP=0x000000005701d768 QtGui4.dll
RAX=0x0 is NULL
RBX=0x0 is NULL
RCX=0x0000028b7f21bf10 points into unknown readable memory: 0x00007ffe0109e158 | 58 e1 09 01 fe 7f 00 00
RDX=0x0000028b583c0000 points into unknown readable memory: 0x0000000000000000 | 00 00 00 00 00 00 00 00
RSP=0x000000adc11fa790 is pointing into the stack for thread: 0x0000028b5a510000
RBP=0x000000adc11fa890 is pointing into the stack for thread: 0x0000028b5a510000
RSI=0x0000028b7f21af70 points into unknown readable memory: 0x00007ffe01091578 | 78 15 09 01 fe 7f 00 00
RDI=0x0000028b001b9880 points into unknown readable memory: 0x00000000575e3888 | 88 38 5e 57 00 00 00 00
R8 =0x0000028b58341b00 points into unknown readable memory: 0x0000028b58340cc0 | c0 0c 34 58 8b 02 00 00
R9 =0x0000000000000001 is an unknown value
R10=0x0000000000008000 is an unknown value
R11=0x000000adc11fa6f0 is pointing into the stack for thread: 0x0000028b5a510000
R12=0x0000000000000004 is an unknown value
R13=0x0 is NULL
R14=0x0000028b7f24de80 points into unknown readable memory: 0x0000000057624688 | 88 46 62 57 00 00 00 00
R15=0x0 is NULL


Registers:
RAX=0x0000000000000000, RBX=0x0000000000000000, RCX=0x0000028b7f21bf10, RDX=0x0000028b583c0000
RSP=0x000000adc11fa790, RBP=0x000000adc11fa890, RSI=0x0000028b7f21af70, RDI=0x0000028b001b9880
R8 =0x0000028b58341b00, R9 =0x0000000000000001, R10=0x0000000000008000, R11=0x000000adc11fa6f0
R12=0x0000000000000004, R13=0x0000000000000000, R14=0x0000028b7f24de80, R15=0x0000000000000000
RIP=0x000000005701d768, EFLAGS=0x0000000000010246

Top of Stack: (sp=0x000000adc11fa790)
0x000000adc11fa790:   0000000000000000 0000000000000000
0x000000adc11fa7a0:   0000028b7f1a7e80 0000028b7f24df70
0x000000adc11fa7b0:   000000000000001f 0000000000000000
0x000000adc11fa7c0:   0000000000000000 0000000000000000
0x000000adc11fa7d0:   0000028b0000cda0 000000adc11fa920
0x000000adc11fa7e0:   000000adc11f0050 00000000578ccb68
0x000000adc11fa7f0:   0000028b00157fa0 0000028b0446dac0
0x000000adc11fa800:   0000028b000e7170 000000adc11fa998
0x000000adc11fa810:   000000ad00000000 000000adc11faa50
0x000000adc11fa820:   0000028b00000001 0000028b5a510000
0x000000adc11fa830:   000000adc11fa9b0 00000000575b7ad8
0x000000adc11fa840:   0000000000000000 0000028b0014000c
0x000000adc11fa850:   0000000000000000 0000001e0000015e
0x000000adc11fa860:   0000028b0446dac0 000000adc11fa900
0x000000adc11fa870:   000000adc11fa920 00007ffe056ba387
0x000000adc11fa880:   fffffffffffffffe 0000028b5a510000 

Instructions: (pc=0x000000005701d768)
0x000000005701d668:   00 41 f7 86 d8 01 00 00 00 00 02 00 0f 85 8e 00
0x000000005701d678:   00 00 48 8b 46 08 8b 88 cc 01 00 00 c1 e9 12 80
0x000000005701d688:   e1 01 74 7c 48 8d 56 10 48 8d 4c 24 58 e8 26 6f
0x000000005701d698:   0d 00 90 48 8b ce e8 3d 56 00 00 ba 04 00 00 00
0x000000005701d6a8:   44 8d 42 06 48 8b c8 e8 1c b2 fe ff 48 8b 08 8b
0x000000005701d6b8:   41 08 89 45 10 48 8b 41 0c 48 89 45 14 0f b7 41
0x000000005701d6c8:   14 66 89 45 1c f2 0f 10 0d 53 46 5a 00 48 8d 4d
0x000000005701d6d8:   10 e8 62 7d 0b 00 48 8d 55 e0 48 8d 4c 24 68 e8
0x000000005701d6e8:   04 cd 11 00 48 8b d0 4c 8d 45 10 48 8d 4c 24 58
0x000000005701d6f8:   e8 33 2d 0e 00 90 48 8d 4c 24 58 e8 38 79 0d 00
0x000000005701d708:   48 8d 54 24 68 48 8d 4d a8 e8 1a 40 fd ff 90 48
0x000000005701d718:   8d 55 a8 48 8b ce ff 15 6c f5 58 00 48 83 7c 24
0x000000005701d728:   70 00 74 5f 80 7c 24 51 00 75 58 45 84 ed 75 53
0x000000005701d738:   48 8b 46 20 48 83 38 00 75 32 48 8b ce ff 15 5d
0x000000005701d748:   f1 58 00 48 85 c0 74 18 48 8b 48 20 48 83 39 00
0x000000005701d758:   75 0e 48 8b c8 ff 15 45 f1 58 00 48 85 c0 75 e8
0x000000005701d768:   48 8b 40 20 0f b6 40 0c a8 01 75 17 4c 8b 4c 24
0x000000005701d778:   78 4c 8b c6 48 8d 54 24 68 48 8b 4c 24 70 e8 f5
0x000000005701d788:   14 18 00 48 85 ff 74 64 49 89 9e b8 00 00 00 4d
0x000000005701d798:   85 ff 75 27 48 8b 5f 18 48 8d 4d e0 ff 15 c6 f1
0x000000005701d7a8:   58 00 8b 08 89 4b 20 8b 48 04 89 4b 24 8b 48 08
0x000000005701d7b8:   89 4b 28 8b 40 0c 89 43 2c eb 0b 48 8b 47 18 48
0x000000005701d7c8:   89 98 90 00 00 00 48 8d 4c 24 58 e8 f8 9b 11 00
0x000000005701d7d8:   4c 8b 4f 18 4d 8b 41 18 48 8b 08 49 89 49 18 4c
0x000000005701d7e8:   89 00 48 8d 4c 24 58 e8 3c 9e 11 00 45 33 c0 41
0x000000005701d7f8:   8d 50 3e 48 8b ce e8 2d a4 00 00 66 83 7e 18 00
0x000000005701d808:   74 1c 48 8b 46 20 8b 48 08 c1 e9 0d 80 e1 01 75
0x000000005701d818:   0d 48 8d 0d 70 41 5a 00 ff 15 d2 ee 58 00 48 85
0x000000005701d828:   ff 74 17 8b 47 14 d1 e8 a8 01 74 0e 48 8b 07 ba
0x000000005701d838:   01 00 00 00 48 8b cf ff 10 90 48 8d 4d a8 e8 45
0x000000005701d848:   4c fd ff 48 8b 5c 24 60 80 7d 90 00 74 57 49 8d
0x000000005701d858:   4e 18 ff 15 e8 ef 58 00 84 c0 75 49 41 83 e4 fe 


Stack slot to memory mapping:
stack at sp + 0 slots: 0x0 is NULL
stack at sp + 1 slots: 0x0 is NULL
stack at sp + 2 slots: 0x0000028b7f1a7e80 points into unknown readable memory: 0x0000000000000052 | 52 00 00 00 00 00 00 00
stack at sp + 3 slots: 0x0000028b7f24df70 points into unknown readable memory: 0x0000028b000318c0 | c0 18 03 00 8b 02 00 00
stack at sp + 4 slots: 0x000000000000001f is an unknown value
stack at sp + 5 slots: 0x0 is NULL
stack at sp + 6 slots: 0x0 is NULL
stack at sp + 7 slots: 0x0 is NULL


---------------  P R O C E S S  ---------------

Threads class SMR info:
_java_thread_list=0x0000028b000a7a20, length=13, elements={
0x0000028b5a510000, 0x0000028b7dd2b000, 0x0000028b7dd35000, 0x0000028b7e610000,
0x0000028b7e611000, 0x0000028b7e612800, 0x0000028b7e618000, 0x0000028b7e629800,
0x0000028b7e652800, 0x0000028b7e7b7000, 0x0000028b7ec3b800, 0x0000028b7f066800,
0x0000028b00f2f000
}

Java Threads: ( => current thread )
=>0x0000028b5a510000 JavaThread "main" [_thread_in_native, id=15632, stack(0x000000adc1100000,0x000000adc1200000)]
  0x0000028b7dd2b000 JavaThread "Reference Handler" daemon [_thread_blocked, id=18180, stack(0x000000adc1800000,0x000000adc1900000)]
  0x0000028b7dd35000 JavaThread "Finalizer" daemon [_thread_blocked, id=14636, stack(0x000000adc1900000,0x000000adc1a00000)]
  0x0000028b7e610000 JavaThread "Signal Dispatcher" daemon [_thread_blocked, id=7212, stack(0x000000adc1a00000,0x000000adc1b00000)]
  0x0000028b7e611000 JavaThread "Attach Listener" daemon [_thread_blocked, id=14400, stack(0x000000adc1b00000,0x000000adc1c00000)]
  0x0000028b7e612800 JavaThread "Service Thread" daemon [_thread_blocked, id=17256, stack(0x000000adc1c00000,0x000000adc1d00000)]
  0x0000028b7e618000 JavaThread "C2 CompilerThread0" daemon [_thread_blocked, id=7896, stack(0x000000adc1d00000,0x000000adc1e00000)]
  0x0000028b7e629800 JavaThread "C1 CompilerThread0" daemon [_thread_blocked, id=14232, stack(0x000000adc1e00000,0x000000adc1f00000)]
  0x0000028b7e652800 JavaThread "Sweeper thread" daemon [_thread_blocked, id=10548, stack(0x000000adc1f00000,0x000000adc2000000)]
  0x0000028b7e7b7000 JavaThread "Common-Cleaner" daemon [_thread_blocked, id=17724, stack(0x000000adc2000000,0x000000adc2100000)]
  0x0000028b7ec3b800 JavaThread "Monitor Ctrl-Break" daemon [_thread_in_native, id=9400, stack(0x000000adc2200000,0x000000adc2300000)]
  0x0000028b7f066800 JavaThread "qtjambi-com.trolltech.qt.QThreadManager$NativeResourcesReleaseThread" daemon [_thread_blocked, id=17996, stack(0x000000adc2900000,0x000000adc2a00000)]
  0x0000028b00f2f000 JavaThread "Hibernate Connection Pool Validation Thread" daemon [_thread_blocked, id=18200, stack(0x000000adc3000000,0x000000adc3100000)]

Other Threads:
  0x0000028b7dd07800 VMThread "VM Thread" [stack: 0x000000adc1700000,0x000000adc1800000] [id=8044]
  0x0000028b7ec3c800 WatcherThread [stack: 0x000000adc2300000,0x000000adc2400000] [id=18196]
  0x0000028b5a527800 GCTaskThread "GC Thread#0" [stack: 0x000000adc1200000,0x000000adc1300000] [id=15004]
  0x0000028b7ecd7800 GCTaskThread "GC Thread#1" [stack: 0x000000adc2400000,0x000000adc2500000] [id=18164]
  0x0000028b7edc7800 GCTaskThread "GC Thread#2" [stack: 0x000000adc2500000,0x000000adc2600000] [id=14824]
  0x0000028b7ebff800 GCTaskThread "GC Thread#3" [stack: 0x000000adc2600000,0x000000adc2700000] [id=17664]
  0x0000028b7ecc6800 GCTaskThread "GC Thread#4" [stack: 0x000000adc2700000,0x000000adc2800000] [id=15952]
  0x0000028b7ed26000 GCTaskThread "GC Thread#5" [stack: 0x000000adc2800000,0x000000adc2900000] [id=15544]
  0x0000028b5a584800 ConcurrentGCThread "G1 Main Marker" [stack: 0x000000adc1300000,0x000000adc1400000] [id=13108]
  0x0000028b5a587000 ConcurrentGCThread "G1 Conc#0" [stack: 0x000000adc1400000,0x000000adc1500000] [id=7656]
  0x0000028b004e0000 ConcurrentGCThread "G1 Conc#1" [stack: 0x000000adc2d00000,0x000000adc2e00000] [id=6900]
  0x0000028b5a5ee000 ConcurrentGCThread "G1 Refine#0" [stack: 0x000000adc1500000,0x000000adc1600000] [id=16712]
  0x0000028b7dbee800 ConcurrentGCThread "G1 Young RemSet Sampling" [stack: 0x000000adc1600000,0x000000adc1700000] [id=8896]

Threads with active compile tasks:

VM state:not at safepoint (normal execution)

VM Mutex/Monitor currently owned by a thread: None

Heap address: 0x0000000702400000, size: 4060 MB, Compressed Oops mode: Zero based, Oop shift amount: 3
Narrow klass base: 0x0000000800000000, Narrow klass shift: 0
Compressed class space size: 1073741824 Address: 0x0000000800000000

Heap:
 garbage-first heap   total 260096K, used 85917K [0x0000000702400000, 0x0000000800000000)
  region size 1024K, 84 young (86016K), 12 survivors (12288K)
 Metaspace       used 43422K, capacity 43879K, committed 44112K, reserved 1087488K
  class space    used 5245K, capacity 5424K, committed 5500K, reserved 1048576K
Heap Regions: E=young(eden), S=young(survivor), O=old, HS=humongous(starts), HC=humongous(continues), CS=collection set, F=free, A=archive, TAMS=top-at-mark-start (previous, next)
|   0|0x0000000702400000, 0x0000000702500000, 0x0000000702500000|100%|HS|  |TAMS 0x0000000702500000, 0x0000000702400000| Complete 
|   1|0x0000000702500000, 0x0000000702500000, 0x0000000702600000|  0%| F|  |TAMS 0x0000000702500000, 0x0000000702500000| Untracked 
|   2|0x0000000702600000, 0x0000000702600000, 0x0000000702700000|  0%| F|  |TAMS 0x0000000702600000, 0x0000000702600000| Untracked 
|   3|0x0000000702700000, 0x0000000702700000, 0x0000000702800000|  0%| F|  |TAMS 0x0000000702700000, 0x0000000702700000| Untracked 
|   4|0x0000000702800000, 0x0000000702800000, 0x0000000702900000|  0%| F|  |TAMS 0x0000000702800000, 0x0000000702800000| Untracked 
|   5|0x0000000702900000, 0x0000000702900000, 0x0000000702a00000|  0%| F|  |TAMS 0x0000000702900000, 0x0000000702900000| Untracked 
|   6|0x0000000702a00000, 0x0000000702a00000, 0x0000000702b00000|  0%| F|  |TAMS 0x0000000702a00000, 0x0000000702a00000| Untracked 
|   7|0x0000000702b00000, 0x0000000702b00000, 0x0000000702c00000|  0%| F|  |TAMS 0x0000000702b00000, 0x0000000702b00000| Untracked 
|   8|0x0000000702c00000, 0x0000000702c00000, 0x0000000702d00000|  0%| F|  |TAMS 0x0000000702c00000, 0x0000000702c00000| Untracked 
|   9|0x0000000702d00000, 0x0000000702d00000, 0x0000000702e00000|  0%| F|  |TAMS 0x0000000702d00000, 0x0000000702d00000| Untracked 
|  10|0x0000000702e00000, 0x0000000702e00000, 0x0000000702f00000|  0%| F|  |TAMS 0x0000000702e00000, 0x0000000702e00000| Untracked 
|  11|0x0000000702f00000, 0x0000000702f00000, 0x0000000703000000|  0%| F|  |TAMS 0x0000000702f00000, 0x0000000702f00000| Untracked 
|  12|0x0000000703000000, 0x0000000703000000, 0x0000000703100000|  0%| F|  |TAMS 0x0000000703000000, 0x0000000703000000| Untracked 
|  13|0x0000000703100000, 0x0000000703100000, 0x0000000703200000|  0%| F|  |TAMS 0x0000000703100000, 0x0000000703100000| Untracked 
|  14|0x0000000703200000, 0x0000000703200000, 0x0000000703300000|  0%| F|  |TAMS 0x0000000703200000, 0x0000000703200000| Untracked 
|  15|0x0000000703300000, 0x0000000703300000, 0x0000000703400000|  0%| F|  |TAMS 0x0000000703300000, 0x0000000703300000| Untracked 
|  16|0x0000000703400000, 0x0000000703400000, 0x0000000703500000|  0%| F|  |TAMS 0x0000000703400000, 0x0000000703400000| Untracked 
|  17|0x0000000703500000, 0x0000000703500000, 0x0000000703600000|  0%| F|  |TAMS 0x0000000703500000, 0x0000000703500000| Untracked 
|  18|0x0000000703600000, 0x0000000703600000, 0x0000000703700000|  0%| F|  |TAMS 0x0000000703600000, 0x0000000703600000| Untracked 
|  19|0x0000000703700000, 0x0000000703700000, 0x0000000703800000|  0%| F|  |TAMS 0x0000000703700000, 0x0000000703700000| Untracked 
|  20|0x0000000703800000, 0x0000000703800000, 0x0000000703900000|  0%| F|  |TAMS 0x0000000703800000, 0x0000000703800000| Untracked 
|  21|0x0000000703900000, 0x0000000703900000, 0x0000000703a00000|  0%| F|  |TAMS 0x0000000703900000, 0x0000000703900000| Untracked 
|  22|0x0000000703a00000, 0x0000000703a00000, 0x0000000703b00000|  0%| F|  |TAMS 0x0000000703a00000, 0x0000000703a00000| Untracked 
|  23|0x0000000703b00000, 0x0000000703b00000, 0x0000000703c00000|  0%| F|  |TAMS 0x0000000703b00000, 0x0000000703b00000| Untracked 
|  24|0x0000000703c00000, 0x0000000703c00000, 0x0000000703d00000|  0%| F|  |TAMS 0x0000000703c00000, 0x0000000703c00000| Untracked 
|  25|0x0000000703d00000, 0x0000000703d00000, 0x0000000703e00000|  0%| F|  |TAMS 0x0000000703d00000, 0x0000000703d00000| Untracked 
|  26|0x0000000703e00000, 0x0000000703e00000, 0x0000000703f00000|  0%| F|  |TAMS 0x0000000703e00000, 0x0000000703e00000| Untracked 
|  27|0x0000000703f00000, 0x0000000703f00000, 0x0000000704000000|  0%| F|  |TAMS 0x0000000703f00000, 0x0000000703f00000| Untracked 
|  28|0x0000000704000000, 0x0000000704000000, 0x0000000704100000|  0%| F|  |TAMS 0x0000000704000000, 0x0000000704000000| Untracked 
|  29|0x0000000704100000, 0x0000000704100000, 0x0000000704200000|  0%| F|  |TAMS 0x0000000704100000, 0x0000000704100000| Untracked 
|  30|0x0000000704200000, 0x0000000704200000, 0x0000000704300000|  0%| F|  |TAMS 0x0000000704200000, 0x0000000704200000| Untracked 
|  31|0x0000000704300000, 0x0000000704300000, 0x0000000704400000|  0%| F|  |TAMS 0x0000000704300000, 0x0000000704300000| Untracked 
|  32|0x0000000704400000, 0x0000000704400000, 0x0000000704500000|  0%| F|  |TAMS 0x0000000704400000, 0x0000000704400000| Untracked 
|  33|0x0000000704500000, 0x0000000704500000, 0x0000000704600000|  0%| F|  |TAMS 0x0000000704500000, 0x0000000704500000| Untracked 
|  34|0x0000000704600000, 0x0000000704600000, 0x0000000704700000|  0%| F|  |TAMS 0x0000000704600000, 0x0000000704600000| Untracked 
|  35|0x0000000704700000, 0x0000000704700000, 0x0000000704800000|  0%| F|  |TAMS 0x0000000704700000, 0x0000000704700000| Untracked 
|  36|0x0000000704800000, 0x0000000704800000, 0x0000000704900000|  0%| F|  |TAMS 0x0000000704800000, 0x0000000704800000| Untracked 
|  37|0x0000000704900000, 0x0000000704900000, 0x0000000704a00000|  0%| F|  |TAMS 0x0000000704900000, 0x0000000704900000| Untracked 
|  38|0x0000000704a00000, 0x0000000704a00000, 0x0000000704b00000|  0%| F|  |TAMS 0x0000000704a00000, 0x0000000704a00000| Untracked 
|  39|0x0000000704b00000, 0x0000000704b00000, 0x0000000704c00000|  0%| F|  |TAMS 0x0000000704b00000, 0x0000000704b00000| Untracked 
|  40|0x0000000704c00000, 0x0000000704c00000, 0x0000000704d00000|  0%| F|  |TAMS 0x0000000704c00000, 0x0000000704c00000| Untracked 
|  41|0x0000000704d00000, 0x0000000704d00000, 0x0000000704e00000|  0%| F|  |TAMS 0x0000000704d00000, 0x0000000704d00000| Untracked 
|  42|0x0000000704e00000, 0x0000000704e00000, 0x0000000704f00000|  0%| F|  |TAMS 0x0000000704e00000, 0x0000000704e00000| Untracked 
|  43|0x0000000704f00000, 0x0000000704f00000, 0x0000000705000000|  0%| F|  |TAMS 0x0000000704f00000, 0x0000000704f00000| Untracked 
|  44|0x0000000705000000, 0x0000000705000000, 0x0000000705100000|  0%| F|  |TAMS 0x0000000705000000, 0x0000000705000000| Untracked 
|  45|0x0000000705100000, 0x0000000705100000, 0x0000000705200000|  0%| F|  |TAMS 0x0000000705100000, 0x0000000705100000| Untracked 
|  46|0x0000000705200000, 0x0000000705200000, 0x0000000705300000|  0%| F|  |TAMS 0x0000000705200000, 0x0000000705200000| Untracked 
|  47|0x0000000705300000, 0x0000000705300000, 0x0000000705400000|  0%| F|  |TAMS 0x0000000705300000, 0x0000000705300000| Untracked 
|  48|0x0000000705400000, 0x0000000705400000, 0x0000000705500000|  0%| F|  |TAMS 0x0000000705400000, 0x0000000705400000| Untracked 
|  49|0x0000000705500000, 0x0000000705500000, 0x0000000705600000|  0%| F|  |TAMS 0x0000000705500000, 0x0000000705500000| Untracked 
|  50|0x0000000705600000, 0x0000000705600000, 0x0000000705700000|  0%| F|  |TAMS 0x0000000705600000, 0x0000000705600000| Untracked 
|  51|0x0000000705700000, 0x0000000705700000, 0x0000000705800000|  0%| F|  |TAMS 0x0000000705700000, 0x0000000705700000| Untracked 
|  52|0x0000000705800000, 0x0000000705800000, 0x0000000705900000|  0%| F|  |TAMS 0x0000000705800000, 0x0000000705800000| Untracked 
|  53|0x0000000705900000, 0x0000000705900000, 0x0000000705a00000|  0%| F|  |TAMS 0x0000000705900000, 0x0000000705900000| Untracked 
|  54|0x0000000705a00000, 0x0000000705a00000, 0x0000000705b00000|  0%| F|  |TAMS 0x0000000705a00000, 0x0000000705a00000| Untracked 
|  55|0x0000000705b00000, 0x0000000705b00000, 0x0000000705c00000|  0%| F|  |TAMS 0x0000000705b00000, 0x0000000705b00000| Untracked 
|  56|0x0000000705c00000, 0x0000000705c00000, 0x0000000705d00000|  0%| F|  |TAMS 0x0000000705c00000, 0x0000000705c00000| Untracked 
|  57|0x0000000705d00000, 0x0000000705d00000, 0x0000000705e00000|  0%| F|  |TAMS 0x0000000705d00000, 0x0000000705d00000| Untracked 
|  58|0x0000000705e00000, 0x0000000705e00000, 0x0000000705f00000|  0%| F|  |TAMS 0x0000000705e00000, 0x0000000705e00000| Untracked 
|  59|0x0000000705f00000, 0x0000000705f00000, 0x0000000706000000|  0%| F|  |TAMS 0x0000000705f00000, 0x0000000705f00000| Untracked 
|  60|0x0000000706000000, 0x0000000706000000, 0x0000000706100000|  0%| F|  |TAMS 0x0000000706000000, 0x0000000706000000| Untracked 
|  61|0x0000000706100000, 0x0000000706100000, 0x0000000706200000|  0%| F|  |TAMS 0x0000000706100000, 0x0000000706100000| Untracked 
|  62|0x0000000706200000, 0x0000000706200000, 0x0000000706300000|  0%| F|  |TAMS 0x0000000706200000, 0x0000000706200000| Untracked 
|  63|0x0000000706300000, 0x0000000706300000, 0x0000000706400000|  0%| F|  |TAMS 0x0000000706300000, 0x0000000706300000| Untracked 
|  64|0x0000000706400000, 0x0000000706400000, 0x0000000706500000|  0%| F|  |TAMS 0x0000000706400000, 0x0000000706400000| Untracked 
|  65|0x0000000706500000, 0x0000000706500000, 0x0000000706600000|  0%| F|  |TAMS 0x0000000706500000, 0x0000000706500000| Untracked 
|  66|0x0000000706600000, 0x0000000706600000, 0x0000000706700000|  0%| F|  |TAMS 0x0000000706600000, 0x0000000706600000| Untracked 
|  67|0x0000000706700000, 0x0000000706700000, 0x0000000706800000|  0%| F|  |TAMS 0x0000000706700000, 0x0000000706700000| Untracked 
|  68|0x0000000706800000, 0x0000000706800000, 0x0000000706900000|  0%| F|  |TAMS 0x0000000706800000, 0x0000000706800000| Untracked 
|  69|0x0000000706900000, 0x0000000706900000, 0x0000000706a00000|  0%| F|  |TAMS 0x0000000706900000, 0x0000000706900000| Untracked 
|  70|0x0000000706a00000, 0x0000000706a00000, 0x0000000706b00000|  0%| F|  |TAMS 0x0000000706a00000, 0x0000000706a00000| Untracked 
|  71|0x0000000706b00000, 0x0000000706b00000, 0x0000000706c00000|  0%| F|  |TAMS 0x0000000706b00000, 0x0000000706b00000| Untracked 
|  72|0x0000000706c00000, 0x0000000706c00000, 0x0000000706d00000|  0%| F|  |TAMS 0x0000000706c00000, 0x0000000706c00000| Untracked 
|  73|0x0000000706d00000, 0x0000000706d00000, 0x0000000706e00000|  0%| F|  |TAMS 0x0000000706d00000, 0x0000000706d00000| Untracked 
|  74|0x0000000706e00000, 0x0000000706e00000, 0x0000000706f00000|  0%| F|  |TAMS 0x0000000706e00000, 0x0000000706e00000| Untracked 
|  75|0x0000000706f00000, 0x0000000706f00000, 0x0000000707000000|  0%| F|  |TAMS 0x0000000706f00000, 0x0000000706f00000| Untracked 
|  76|0x0000000707000000, 0x0000000707000000, 0x0000000707100000|  0%| F|  |TAMS 0x0000000707000000, 0x0000000707000000| Untracked 
|  77|0x0000000707100000, 0x0000000707100000, 0x0000000707200000|  0%| F|  |TAMS 0x0000000707100000, 0x0000000707100000| Untracked 
|  78|0x0000000707200000, 0x0000000707200000, 0x0000000707300000|  0%| F|  |TAMS 0x0000000707200000, 0x0000000707200000| Untracked 
|  79|0x0000000707300000, 0x0000000707300000, 0x0000000707400000|  0%| F|  |TAMS 0x0000000707300000, 0x0000000707300000| Untracked 
|  80|0x0000000707400000, 0x0000000707400000, 0x0000000707500000|  0%| F|  |TAMS 0x0000000707400000, 0x0000000707400000| Untracked 
|  81|0x0000000707500000, 0x0000000707500000, 0x0000000707600000|  0%| F|  |TAMS 0x0000000707500000, 0x0000000707500000| Untracked 
|  82|0x0000000707600000, 0x0000000707600000, 0x0000000707700000|  0%| F|  |TAMS 0x0000000707600000, 0x0000000707600000| Untracked 
|  83|0x0000000707700000, 0x0000000707700000, 0x0000000707800000|  0%| F|  |TAMS 0x0000000707700000, 0x0000000707700000| Untracked 
|  84|0x0000000707800000, 0x0000000707800000, 0x0000000707900000|  0%| F|  |TAMS 0x0000000707800000, 0x0000000707800000| Untracked 
|  85|0x0000000707900000, 0x0000000707900000, 0x0000000707a00000|  0%| F|  |TAMS 0x0000000707900000, 0x0000000707900000| Untracked 
|  86|0x0000000707a00000, 0x0000000707a00000, 0x0000000707b00000|  0%| F|  |TAMS 0x0000000707a00000, 0x0000000707a00000| Untracked 
|  87|0x0000000707b00000, 0x0000000707b00000, 0x0000000707c00000|  0%| F|  |TAMS 0x0000000707b00000, 0x0000000707b00000| Untracked 
|  88|0x0000000707c00000, 0x0000000707c00000, 0x0000000707d00000|  0%| F|  |TAMS 0x0000000707c00000, 0x0000000707c00000| Untracked 
|  89|0x0000000707d00000, 0x0000000707d00000, 0x0000000707e00000|  0%| F|  |TAMS 0x0000000707d00000, 0x0000000707d00000| Untracked 
|  90|0x0000000707e00000, 0x0000000707e00000, 0x0000000707f00000|  0%| F|  |TAMS 0x0000000707e00000, 0x0000000707e00000| Untracked 
|  91|0x0000000707f00000, 0x0000000707f00000, 0x0000000708000000|  0%| F|  |TAMS 0x0000000707f00000, 0x0000000707f00000| Untracked 
|  92|0x0000000708000000, 0x0000000708000000, 0x0000000708100000|  0%| F|  |TAMS 0x0000000708000000, 0x0000000708000000| Untracked 
|  93|0x0000000708100000, 0x0000000708100000, 0x0000000708200000|  0%| F|  |TAMS 0x0000000708100000, 0x0000000708100000| Untracked 
|  94|0x0000000708200000, 0x0000000708200000, 0x0000000708300000|  0%| F|  |TAMS 0x0000000708200000, 0x0000000708200000| Untracked 
|  95|0x0000000708300000, 0x0000000708300000, 0x0000000708400000|  0%| F|  |TAMS 0x0000000708300000, 0x0000000708300000| Untracked 
|  96|0x0000000708400000, 0x0000000708400000, 0x0000000708500000|  0%| F|  |TAMS 0x0000000708400000, 0x0000000708400000| Untracked 
|  97|0x0000000708500000, 0x0000000708500000, 0x0000000708600000|  0%| F|  |TAMS 0x0000000708500000, 0x0000000708500000| Untracked 
|  98|0x0000000708600000, 0x0000000708600000, 0x0000000708700000|  0%| F|  |TAMS 0x0000000708600000, 0x0000000708600000| Untracked 
|  99|0x0000000708700000, 0x0000000708700000, 0x0000000708800000|  0%| F|  |TAMS 0x0000000708700000, 0x0000000708700000| Untracked 
| 100|0x0000000708800000, 0x0000000708800000, 0x0000000708900000|  0%| F|  |TAMS 0x0000000708800000, 0x0000000708800000| Untracked 
| 101|0x0000000708900000, 0x0000000708900000, 0x0000000708a00000|  0%| F|  |TAMS 0x0000000708900000, 0x0000000708900000| Untracked 
| 102|0x0000000708a00000, 0x0000000708a00000, 0x0000000708b00000|  0%| F|  |TAMS 0x0000000708a00000, 0x0000000708a00000| Untracked 
| 103|0x0000000708b00000, 0x0000000708b00000, 0x0000000708c00000|  0%| F|  |TAMS 0x0000000708b00000, 0x0000000708b00000| Untracked 
| 104|0x0000000708c00000, 0x0000000708c00000, 0x0000000708d00000|  0%| F|  |TAMS 0x0000000708c00000, 0x0000000708c00000| Untracked 
| 105|0x0000000708d00000, 0x0000000708d00000, 0x0000000708e00000|  0%| F|  |TAMS 0x0000000708d00000, 0x0000000708d00000| Untracked 
| 106|0x0000000708e00000, 0x0000000708e00000, 0x0000000708f00000|  0%| F|  |TAMS 0x0000000708e00000, 0x0000000708e00000| Untracked 
| 107|0x0000000708f00000, 0x0000000708f00000, 0x0000000709000000|  0%| F|  |TAMS 0x0000000708f00000, 0x0000000708f00000| Untracked 
| 108|0x0000000709000000, 0x0000000709000000, 0x0000000709100000|  0%| F|  |TAMS 0x0000000709000000, 0x0000000709000000| Untracked 
| 109|0x0000000709100000, 0x0000000709100000, 0x0000000709200000|  0%| F|  |TAMS 0x0000000709100000, 0x0000000709100000| Untracked 
| 110|0x0000000709200000, 0x0000000709200000, 0x0000000709300000|  0%| F|  |TAMS 0x0000000709200000, 0x0000000709200000| Untracked 
| 111|0x0000000709300000, 0x0000000709300000, 0x0000000709400000|  0%| F|  |TAMS 0x0000000709300000, 0x0000000709300000| Untracked 
| 112|0x0000000709400000, 0x0000000709400000, 0x0000000709500000|  0%| F|  |TAMS 0x0000000709400000, 0x0000000709400000| Untracked 
| 113|0x0000000709500000, 0x0000000709500000, 0x0000000709600000|  0%| F|  |TAMS 0x0000000709500000, 0x0000000709500000| Untracked 
| 114|0x0000000709600000, 0x0000000709600000, 0x0000000709700000|  0%| F|  |TAMS 0x0000000709600000, 0x0000000709600000| Untracked 
| 115|0x0000000709700000, 0x0000000709700000, 0x0000000709800000|  0%| F|  |TAMS 0x0000000709700000, 0x0000000709700000| Untracked 
| 116|0x0000000709800000, 0x0000000709800000, 0x0000000709900000|  0%| F|  |TAMS 0x0000000709800000, 0x0000000709800000| Untracked 
| 117|0x0000000709900000, 0x0000000709900000, 0x0000000709a00000|  0%| F|  |TAMS 0x0000000709900000, 0x0000000709900000| Untracked 
| 118|0x0000000709a00000, 0x0000000709a00000, 0x0000000709b00000|  0%| F|  |TAMS 0x0000000709a00000, 0x0000000709a00000| Untracked 
| 119|0x0000000709b00000, 0x0000000709b00000, 0x0000000709c00000|  0%| F|  |TAMS 0x0000000709b00000, 0x0000000709b00000| Untracked 
| 120|0x0000000709c00000, 0x0000000709c00000, 0x0000000709d00000|  0%| F|  |TAMS 0x0000000709c00000, 0x0000000709c00000| Untracked 
| 121|0x0000000709d00000, 0x0000000709d00000, 0x0000000709e00000|  0%| F|  |TAMS 0x0000000709d00000, 0x0000000709d00000| Untracked 
| 122|0x0000000709e00000, 0x0000000709e00000, 0x0000000709f00000|  0%| F|  |TAMS 0x0000000709e00000, 0x0000000709e00000| Untracked 
| 123|0x0000000709f00000, 0x0000000709fe7540, 0x000000070a000000| 90%| S|CS|TAMS 0x0000000709f00000, 0x0000000709f00000| Complete 
| 124|0x000000070a000000, 0x000000070a100000, 0x000000070a100000|100%| S|CS|TAMS 0x000000070a000000, 0x000000070a000000| Complete 
| 125|0x000000070a100000, 0x000000070a200000, 0x000000070a200000|100%| S|CS|TAMS 0x000000070a100000, 0x000000070a100000| Complete 
| 126|0x000000070a200000, 0x000000070a200000, 0x000000070a300000|  0%| F|  |TAMS 0x000000070a200000, 0x000000070a200000| Untracked 
| 127|0x000000070a300000, 0x000000070a300000, 0x000000070a400000|  0%| F|  |TAMS 0x000000070a300000, 0x000000070a300000| Untracked 
| 128|0x000000070a400000, 0x000000070a400000, 0x000000070a500000|  0%| F|  |TAMS 0x000000070a400000, 0x000000070a400000| Untracked 
| 129|0x000000070a500000, 0x000000070a500000, 0x000000070a600000|  0%| F|  |TAMS 0x000000070a500000, 0x000000070a500000| Untracked 
| 130|0x000000070a600000, 0x000000070a600000, 0x000000070a700000|  0%| F|  |TAMS 0x000000070a600000, 0x000000070a600000| Untracked 
| 131|0x000000070a700000, 0x000000070a700000, 0x000000070a800000|  0%| F|  |TAMS 0x000000070a700000, 0x000000070a700000| Untracked 
| 132|0x000000070a800000, 0x000000070a900000, 0x000000070a900000|100%| S|CS|TAMS 0x000000070a800000, 0x000000070a800000| Complete 
| 133|0x000000070a900000, 0x000000070aa00000, 0x000000070aa00000|100%| S|CS|TAMS 0x000000070a900000, 0x000000070a900000| Complete 
| 134|0x000000070aa00000, 0x000000070ab00000, 0x000000070ab00000|100%| S|CS|TAMS 0x000000070aa00000, 0x000000070aa00000| Complete 
| 135|0x000000070ab00000, 0x000000070ac00000, 0x000000070ac00000|100%| S|CS|TAMS 0x000000070ab00000, 0x000000070ab00000| Complete 
| 136|0x000000070ac00000, 0x000000070ad00000, 0x000000070ad00000|100%| S|CS|TAMS 0x000000070ac00000, 0x000000070ac00000| Complete 
| 137|0x000000070ad00000, 0x000000070ae00000, 0x000000070ae00000|100%| S|CS|TAMS 0x000000070ad00000, 0x000000070ad00000| Complete 
| 138|0x000000070ae00000, 0x000000070af00000, 0x000000070af00000|100%| S|CS|TAMS 0x000000070ae00000, 0x000000070ae00000| Complete 
| 139|0x000000070af00000, 0x000000070b000000, 0x000000070b000000|100%| S|CS|TAMS 0x000000070af00000, 0x000000070af00000| Complete 
| 140|0x000000070b000000, 0x000000070b100000, 0x000000070b100000|100%| S|CS|TAMS 0x000000070b000000, 0x000000070b000000| Complete 
| 141|0x000000070b100000, 0x000000070b100000, 0x000000070b200000|  0%| F|  |TAMS 0x000000070b100000, 0x000000070b100000| Untracked 
| 142|0x000000070b200000, 0x000000070b200000, 0x000000070b300000|  0%| F|  |TAMS 0x000000070b200000, 0x000000070b200000| Untracked 
| 143|0x000000070b300000, 0x000000070b300000, 0x000000070b400000|  0%| F|  |TAMS 0x000000070b300000, 0x000000070b300000| Untracked 
| 144|0x000000070b400000, 0x000000070b400000, 0x000000070b500000|  0%| F|  |TAMS 0x000000070b400000, 0x000000070b400000| Untracked 
| 145|0x000000070b500000, 0x000000070b500000, 0x000000070b600000|  0%| F|  |TAMS 0x000000070b500000, 0x000000070b500000| Untracked 
| 146|0x000000070b600000, 0x000000070b600000, 0x000000070b700000|  0%| F|  |TAMS 0x000000070b600000, 0x000000070b600000| Untracked 
| 147|0x000000070b700000, 0x000000070b700000, 0x000000070b800000|  0%| F|  |TAMS 0x000000070b700000, 0x000000070b700000| Untracked 
| 148|0x000000070b800000, 0x000000070b800000, 0x000000070b900000|  0%| F|  |TAMS 0x000000070b800000, 0x000000070b800000| Untracked 
| 149|0x000000070b900000, 0x000000070b900000, 0x000000070ba00000|  0%| F|  |TAMS 0x000000070b900000, 0x000000070b900000| Untracked 
| 150|0x000000070ba00000, 0x000000070ba00000, 0x000000070bb00000|  0%| F|  |TAMS 0x000000070ba00000, 0x000000070ba00000| Untracked 
| 151|0x000000070bb00000, 0x000000070bb00000, 0x000000070bc00000|  0%| F|  |TAMS 0x000000070bb00000, 0x000000070bb00000| Untracked 
| 152|0x000000070bc00000, 0x000000070bc00000, 0x000000070bd00000|  0%| F|  |TAMS 0x000000070bc00000, 0x000000070bc00000| Untracked 
| 153|0x000000070bd00000, 0x000000070bd00000, 0x000000070be00000|  0%| F|  |TAMS 0x000000070bd00000, 0x000000070bd00000| Untracked 
| 154|0x000000070be00000, 0x000000070be00000, 0x000000070bf00000|  0%| F|  |TAMS 0x000000070be00000, 0x000000070be00000| Untracked 
| 155|0x000000070bf00000, 0x000000070bf00000, 0x000000070c000000|  0%| F|  |TAMS 0x000000070bf00000, 0x000000070bf00000| Untracked 
| 156|0x000000070c000000, 0x000000070c000000, 0x000000070c100000|  0%| F|  |TAMS 0x000000070c000000, 0x000000070c000000| Untracked 
| 157|0x000000070c100000, 0x000000070c100000, 0x000000070c200000|  0%| F|  |TAMS 0x000000070c100000, 0x000000070c100000| Untracked 
| 158|0x000000070c200000, 0x000000070c200000, 0x000000070c300000|  0%| F|  |TAMS 0x000000070c200000, 0x000000070c200000| Untracked 
| 159|0x000000070c300000, 0x000000070c300000, 0x000000070c400000|  0%| F|  |TAMS 0x000000070c300000, 0x000000070c300000| Untracked 
| 160|0x000000070c400000, 0x000000070c400000, 0x000000070c500000|  0%| F|  |TAMS 0x000000070c400000, 0x000000070c400000| Untracked 
| 161|0x000000070c500000, 0x000000070c500000, 0x000000070c600000|  0%| F|  |TAMS 0x000000070c500000, 0x000000070c500000| Untracked 
| 162|0x000000070c600000, 0x000000070c600000, 0x000000070c700000|  0%| F|  |TAMS 0x000000070c600000, 0x000000070c600000| Untracked 
| 163|0x000000070c700000, 0x000000070c700000, 0x000000070c800000|  0%| F|  |TAMS 0x000000070c700000, 0x000000070c700000| Untracked 
| 164|0x000000070c800000, 0x000000070c800000, 0x000000070c900000|  0%| F|  |TAMS 0x000000070c800000, 0x000000070c800000| Untracked 
| 165|0x000000070c900000, 0x000000070c900000, 0x000000070ca00000|  0%| F|  |TAMS 0x000000070c900000, 0x000000070c900000| Untracked 
| 166|0x000000070ca00000, 0x000000070ca00000, 0x000000070cb00000|  0%| F|  |TAMS 0x000000070ca00000, 0x000000070ca00000| Untracked 
| 167|0x000000070cb00000, 0x000000070cb00000, 0x000000070cc00000|  0%| F|  |TAMS 0x000000070cb00000, 0x000000070cb00000| Untracked 
| 168|0x000000070cc00000, 0x000000070cc00000, 0x000000070cd00000|  0%| F|  |TAMS 0x000000070cc00000, 0x000000070cc00000| Untracked 
| 169|0x000000070cd00000, 0x000000070cd00000, 0x000000070ce00000|  0%| F|  |TAMS 0x000000070cd00000, 0x000000070cd00000| Untracked 
| 170|0x000000070ce00000, 0x000000070ce00000, 0x000000070cf00000|  0%| F|  |TAMS 0x000000070ce00000, 0x000000070ce00000| Untracked 
| 171|0x000000070cf00000, 0x000000070cf00000, 0x000000070d000000|  0%| F|  |TAMS 0x000000070cf00000, 0x000000070cf00000| Untracked 
| 172|0x000000070d000000, 0x000000070d000000, 0x000000070d100000|  0%| F|  |TAMS 0x000000070d000000, 0x000000070d000000| Untracked 
| 173|0x000000070d100000, 0x000000070d100000, 0x000000070d200000|  0%| F|  |TAMS 0x000000070d100000, 0x000000070d100000| Untracked 
| 174|0x000000070d200000, 0x000000070d200000, 0x000000070d300000|  0%| F|  |TAMS 0x000000070d200000, 0x000000070d200000| Untracked 
| 175|0x000000070d300000, 0x000000070d300000, 0x000000070d400000|  0%| F|  |TAMS 0x000000070d300000, 0x000000070d300000| Untracked 
| 176|0x000000070d400000, 0x000000070d400000, 0x000000070d500000|  0%| F|  |TAMS 0x000000070d400000, 0x000000070d400000| Untracked 
| 177|0x000000070d500000, 0x000000070d500000, 0x000000070d600000|  0%| F|  |TAMS 0x000000070d500000, 0x000000070d500000| Untracked 
| 178|0x000000070d600000, 0x000000070d600000, 0x000000070d700000|  0%| F|  |TAMS 0x000000070d600000, 0x000000070d600000| Untracked 
| 179|0x000000070d700000, 0x000000070d700000, 0x000000070d800000|  0%| F|  |TAMS 0x000000070d700000, 0x000000070d700000| Untracked 
| 180|0x000000070d800000, 0x000000070d800000, 0x000000070d900000|  0%| F|  |TAMS 0x000000070d800000, 0x000000070d800000| Untracked 
| 181|0x000000070d900000, 0x000000070d900000, 0x000000070da00000|  0%| F|  |TAMS 0x000000070d900000, 0x000000070d900000| Untracked 
| 182|0x000000070da00000, 0x000000070db00000, 0x000000070db00000|100%| E|  |TAMS 0x000000070da00000, 0x000000070da00000| Complete 
| 183|0x000000070db00000, 0x000000070dc00000, 0x000000070dc00000|100%| E|CS|TAMS 0x000000070db00000, 0x000000070db00000| Complete 
| 184|0x000000070dc00000, 0x000000070dd00000, 0x000000070dd00000|100%| E|CS|TAMS 0x000000070dc00000, 0x000000070dc00000| Complete 
| 185|0x000000070dd00000, 0x000000070de00000, 0x000000070de00000|100%| E|CS|TAMS 0x000000070dd00000, 0x000000070dd00000| Complete 
| 186|0x000000070de00000, 0x000000070df00000, 0x000000070df00000|100%| E|CS|TAMS 0x000000070de00000, 0x000000070de00000| Complete 
| 187|0x000000070df00000, 0x000000070e000000, 0x000000070e000000|100%| E|CS|TAMS 0x000000070df00000, 0x000000070df00000| Complete 
| 188|0x000000070e000000, 0x000000070e100000, 0x000000070e100000|100%| E|CS|TAMS 0x000000070e000000, 0x000000070e000000| Complete 
| 189|0x000000070e100000, 0x000000070e200000, 0x000000070e200000|100%| E|CS|TAMS 0x000000070e100000, 0x000000070e100000| Complete 
| 190|0x000000070e200000, 0x000000070e300000, 0x000000070e300000|100%| E|CS|TAMS 0x000000070e200000, 0x000000070e200000| Complete 
| 191|0x000000070e300000, 0x000000070e400000, 0x000000070e400000|100%| E|CS|TAMS 0x000000070e300000, 0x000000070e300000| Complete 
| 192|0x000000070e400000, 0x000000070e500000, 0x000000070e500000|100%| E|CS|TAMS 0x000000070e400000, 0x000000070e400000| Complete 
| 193|0x000000070e500000, 0x000000070e600000, 0x000000070e600000|100%| E|CS|TAMS 0x000000070e500000, 0x000000070e500000| Complete 
| 194|0x000000070e600000, 0x000000070e700000, 0x000000070e700000|100%| E|CS|TAMS 0x000000070e600000, 0x000000070e600000| Complete 
| 195|0x000000070e700000, 0x000000070e800000, 0x000000070e800000|100%| E|CS|TAMS 0x000000070e700000, 0x000000070e700000| Complete 
| 196|0x000000070e800000, 0x000000070e900000, 0x000000070e900000|100%| E|CS|TAMS 0x000000070e800000, 0x000000070e800000| Complete 
| 197|0x000000070e900000, 0x000000070ea00000, 0x000000070ea00000|100%| E|CS|TAMS 0x000000070e900000, 0x000000070e900000| Complete 
| 198|0x000000070ea00000, 0x000000070eb00000, 0x000000070eb00000|100%| E|CS|TAMS 0x000000070ea00000, 0x000000070ea00000| Complete 
| 199|0x000000070eb00000, 0x000000070ec00000, 0x000000070ec00000|100%| E|CS|TAMS 0x000000070eb00000, 0x000000070eb00000| Complete 
| 200|0x000000070ec00000, 0x000000070ed00000, 0x000000070ed00000|100%| E|CS|TAMS 0x000000070ec00000, 0x000000070ec00000| Complete 
| 201|0x000000070ed00000, 0x000000070ee00000, 0x000000070ee00000|100%| E|CS|TAMS 0x000000070ed00000, 0x000000070ed00000| Complete 
| 202|0x000000070ee00000, 0x000000070ef00000, 0x000000070ef00000|100%| E|CS|TAMS 0x000000070ee00000, 0x000000070ee00000| Complete 
| 203|0x000000070ef00000, 0x000000070f000000, 0x000000070f000000|100%| E|CS|TAMS 0x000000070ef00000, 0x000000070ef00000| Complete 
| 204|0x000000070f000000, 0x000000070f100000, 0x000000070f100000|100%| E|CS|TAMS 0x000000070f000000, 0x000000070f000000| Complete 
| 205|0x000000070f100000, 0x000000070f200000, 0x000000070f200000|100%| E|CS|TAMS 0x000000070f100000, 0x000000070f100000| Complete 
| 206|0x000000070f200000, 0x000000070f300000, 0x000000070f300000|100%| E|CS|TAMS 0x000000070f200000, 0x000000070f200000| Complete 
| 207|0x000000070f300000, 0x000000070f400000, 0x000000070f400000|100%| E|CS|TAMS 0x000000070f300000, 0x000000070f300000| Complete 
| 208|0x000000070f400000, 0x000000070f500000, 0x000000070f500000|100%| E|CS|TAMS 0x000000070f400000, 0x000000070f400000| Complete 
| 209|0x000000070f500000, 0x000000070f600000, 0x000000070f600000|100%| E|CS|TAMS 0x000000070f500000, 0x000000070f500000| Complete 
| 210|0x000000070f600000, 0x000000070f700000, 0x000000070f700000|100%| E|CS|TAMS 0x000000070f600000, 0x000000070f600000| Complete 
| 211|0x000000070f700000, 0x000000070f800000, 0x000000070f800000|100%| E|CS|TAMS 0x000000070f700000, 0x000000070f700000| Complete 
| 212|0x000000070f800000, 0x000000070f900000, 0x000000070f900000|100%| E|CS|TAMS 0x000000070f800000, 0x000000070f800000| Complete 
| 213|0x000000070f900000, 0x000000070fa00000, 0x000000070fa00000|100%| E|CS|TAMS 0x000000070f900000, 0x000000070f900000| Complete 
| 214|0x000000070fa00000, 0x000000070fb00000, 0x000000070fb00000|100%| E|CS|TAMS 0x000000070fa00000, 0x000000070fa00000| Complete 
| 215|0x000000070fb00000, 0x000000070fc00000, 0x000000070fc00000|100%| E|CS|TAMS 0x000000070fb00000, 0x000000070fb00000| Complete 
| 216|0x000000070fc00000, 0x000000070fd00000, 0x000000070fd00000|100%| E|CS|TAMS 0x000000070fc00000, 0x000000070fc00000| Complete 
| 217|0x000000070fd00000, 0x000000070fe00000, 0x000000070fe00000|100%| E|CS|TAMS 0x000000070fd00000, 0x000000070fd00000| Complete 
| 218|0x000000070fe00000, 0x000000070ff00000, 0x000000070ff00000|100%| E|CS|TAMS 0x000000070fe00000, 0x000000070fe00000| Complete 
| 219|0x000000070ff00000, 0x0000000710000000, 0x0000000710000000|100%| E|CS|TAMS 0x000000070ff00000, 0x000000070ff00000| Complete 
| 220|0x0000000710000000, 0x0000000710100000, 0x0000000710100000|100%| E|CS|TAMS 0x0000000710000000, 0x0000000710000000| Complete 
| 221|0x0000000710100000, 0x0000000710200000, 0x0000000710200000|100%| E|CS|TAMS 0x0000000710100000, 0x0000000710100000| Complete 
| 222|0x0000000710200000, 0x0000000710300000, 0x0000000710300000|100%| E|CS|TAMS 0x0000000710200000, 0x0000000710200000| Complete 
| 223|0x0000000710300000, 0x0000000710400000, 0x0000000710400000|100%| E|CS|TAMS 0x0000000710300000, 0x0000000710300000| Complete 
| 224|0x0000000710400000, 0x0000000710500000, 0x0000000710500000|100%| E|CS|TAMS 0x0000000710400000, 0x0000000710400000| Complete 
| 225|0x0000000710500000, 0x0000000710600000, 0x0000000710600000|100%| E|CS|TAMS 0x0000000710500000, 0x0000000710500000| Complete 
| 226|0x0000000710600000, 0x0000000710700000, 0x0000000710700000|100%| E|CS|TAMS 0x0000000710600000, 0x0000000710600000| Complete 
| 227|0x0000000710700000, 0x0000000710800000, 0x0000000710800000|100%| E|CS|TAMS 0x0000000710700000, 0x0000000710700000| Complete 
| 228|0x0000000710800000, 0x0000000710900000, 0x0000000710900000|100%| E|CS|TAMS 0x0000000710800000, 0x0000000710800000| Complete 
| 229|0x0000000710900000, 0x0000000710a00000, 0x0000000710a00000|100%| E|CS|TAMS 0x0000000710900000, 0x0000000710900000| Complete 
| 230|0x0000000710a00000, 0x0000000710b00000, 0x0000000710b00000|100%| E|CS|TAMS 0x0000000710a00000, 0x0000000710a00000| Complete 
| 231|0x0000000710b00000, 0x0000000710c00000, 0x0000000710c00000|100%| E|CS|TAMS 0x0000000710b00000, 0x0000000710b00000| Complete 
| 232|0x0000000710c00000, 0x0000000710d00000, 0x0000000710d00000|100%| E|CS|TAMS 0x0000000710c00000, 0x0000000710c00000| Complete 
| 233|0x0000000710d00000, 0x0000000710e00000, 0x0000000710e00000|100%| E|CS|TAMS 0x0000000710d00000, 0x0000000710d00000| Complete 
| 234|0x0000000710e00000, 0x0000000710f00000, 0x0000000710f00000|100%| E|CS|TAMS 0x0000000710e00000, 0x0000000710e00000| Complete 
| 235|0x0000000710f00000, 0x0000000711000000, 0x0000000711000000|100%| E|CS|TAMS 0x0000000710f00000, 0x0000000710f00000| Complete 
| 236|0x0000000711000000, 0x0000000711100000, 0x0000000711100000|100%| E|CS|TAMS 0x0000000711000000, 0x0000000711000000| Complete 
| 237|0x0000000711100000, 0x0000000711200000, 0x0000000711200000|100%| E|CS|TAMS 0x0000000711100000, 0x0000000711100000| Complete 
| 238|0x0000000711200000, 0x0000000711300000, 0x0000000711300000|100%| E|CS|TAMS 0x0000000711200000, 0x0000000711200000| Complete 
| 239|0x0000000711300000, 0x0000000711400000, 0x0000000711400000|100%| E|CS|TAMS 0x0000000711300000, 0x0000000711300000| Complete 
| 240|0x0000000711400000, 0x0000000711500000, 0x0000000711500000|100%| E|CS|TAMS 0x0000000711400000, 0x0000000711400000| Complete 
| 241|0x0000000711500000, 0x0000000711600000, 0x0000000711600000|100%| E|CS|TAMS 0x0000000711500000, 0x0000000711500000| Complete 
| 242|0x0000000711600000, 0x0000000711700000, 0x0000000711700000|100%| E|CS|TAMS 0x0000000711600000, 0x0000000711600000| Complete 
| 243|0x0000000711700000, 0x0000000711800000, 0x0000000711800000|100%| E|CS|TAMS 0x0000000711700000, 0x0000000711700000| Complete 
| 244|0x0000000711800000, 0x0000000711900000, 0x0000000711900000|100%| E|CS|TAMS 0x0000000711800000, 0x0000000711800000| Complete 
| 245|0x0000000711900000, 0x0000000711a00000, 0x0000000711a00000|100%| E|CS|TAMS 0x0000000711900000, 0x0000000711900000| Complete 
| 246|0x0000000711a00000, 0x0000000711b00000, 0x0000000711b00000|100%| E|CS|TAMS 0x0000000711a00000, 0x0000000711a00000| Complete 
| 247|0x0000000711b00000, 0x0000000711c00000, 0x0000000711c00000|100%| E|CS|TAMS 0x0000000711b00000, 0x0000000711b00000| Complete 
| 248|0x0000000711c00000, 0x0000000711d00000, 0x0000000711d00000|100%| E|CS|TAMS 0x0000000711c00000, 0x0000000711c00000| Complete 
| 249|0x0000000711d00000, 0x0000000711e00000, 0x0000000711e00000|100%| E|CS|TAMS 0x0000000711d00000, 0x0000000711d00000| Complete 
| 250|0x0000000711e00000, 0x0000000711f00000, 0x0000000711f00000|100%| E|CS|TAMS 0x0000000711e00000, 0x0000000711e00000| Complete 
| 251|0x0000000711f00000, 0x0000000712000000, 0x0000000712000000|100%| E|CS|TAMS 0x0000000711f00000, 0x0000000711f00000| Complete 
| 252|0x0000000712000000, 0x0000000712100000, 0x0000000712100000|100%| E|CS|TAMS 0x0000000712000000, 0x0000000712000000| Complete 
| 253|0x0000000712100000, 0x0000000712200000, 0x0000000712200000|100%| E|CS|TAMS 0x0000000712100000, 0x0000000712100000| Complete 

Card table byte_map: [0x0000028b72500000,0x0000028b72cf0000] _byte_map_base: 0x0000028b6ecee000

Marking Bits (Prev, Next): (CMBitMap*) 0x0000028b5a573fc8, (CMBitMap*) 0x0000028b5a574000
 Prev Bits: [0x0000028b734e0000, 0x0000028b77450000)
 Next Bits: [0x0000028b77450000, 0x0000028b7b3c0000)

Polling page: 0x0000028b584f0000

Metaspace:

Usage:
  Non-class:     37.55 MB capacity,    37.28 MB (>99%) used,   212.28 KB ( <1%) free+waste,    65.31 KB ( <1%) overhead. 
      Class:      5.30 MB capacity,     5.12 MB ( 97%) used,   151.41 KB (  3%) free+waste,    27.56 KB ( <1%) overhead. 
       Both:     42.85 MB capacity,    42.40 MB ( 99%) used,   363.70 KB ( <1%) free+waste,    92.88 KB ( <1%) overhead. 

Virtual space:
  Non-class space:       38.00 MB reserved,      37.71 MB (>99%) committed 
      Class space:        1.00 GB reserved,       5.37 MB ( <1%) committed 
             Both:        1.04 GB reserved,      43.08 MB (  4%) committed 

Chunk freelists:
   Non-Class:  29.00 KB
       Class:  16.00 KB
        Both:  45.00 KB

MaxMetaspaceSize: 17179869184.00 GB
CompressedClassSpaceSize: 1.00 GB

CodeHeap 'non-profiled nmethods': size=120064Kb used=1399Kb max_used=1399Kb free=118664Kb
 bounds [0x0000028b6a6c0000, 0x0000028b6a930000, 0x0000028b71c00000]
CodeHeap 'profiled nmethods': size=120000Kb used=6726Kb max_used=6726Kb free=113274Kb
 bounds [0x0000028b63190000, 0x0000028b63830000, 0x0000028b6a6c0000]
CodeHeap 'non-nmethods': size=5696Kb used=1213Kb max_used=1267Kb free=4482Kb
 bounds [0x0000028b62c00000, 0x0000028b62e70000, 0x0000028b63190000]
 total_blobs=3734 nmethods=3163 adapters=482
 compilation: enabled
              stopped_count=0, restarted_count=0
 full_count=0

Compilation events (20 events):
Event: 10.597 Thread 0x0000028b7e629800 3156       3       java.lang.Class::getConstructor (31 bytes)
Event: 10.597 Thread 0x0000028b7e629800 nmethod 3156 0x0000028b6380df10 code [0x0000028b6380e180, 0x0000028b6380ea08]
Event: 10.597 Thread 0x0000028b7e629800 3157   !   3       java.util.logging.LogManager$LoggerContext::findLogger (113 bytes)
Event: 10.598 Thread 0x0000028b7e629800 nmethod 3157 0x0000028b6380ed10 code [0x0000028b6380efc0, 0x0000028b6380ffe8]
Event: 10.598 Thread 0x0000028b7e629800 3158       3       java.lang.AbstractStringBuilder::append (33 bytes)
Event: 10.598 Thread 0x0000028b7e629800 nmethod 3158 0x0000028b63810510 code [0x0000028b638106e0, 0x0000028b638108c8]
Event: 10.598 Thread 0x0000028b7e629800 3159       3       java.lang.invoke.TypeConvertingMethodAdapter::convertType (299 bytes)
Event: 10.600 Thread 0x0000028b7e629800 nmethod 3159 0x0000028b63810a10 code [0x0000028b63811360, 0x0000028b638163c8]
Event: 10.600 Thread 0x0000028b7e629800 3160       1       org.hibernate.tuple.entity.EntityMetamodel::getPropertySpan (5 bytes)
Event: 10.600 Thread 0x0000028b7e629800 nmethod 3160 0x0000028b6a81da90 code [0x0000028b6a81dc40, 0x0000028b6a81dcf8]
Event: 10.601 Thread 0x0000028b7e629800 3162       3       sun.invoke.util.BytecodeDescriptor::unparseMethod (66 bytes)
Event: 10.601 Thread 0x0000028b7e629800 nmethod 3162 0x0000028b63818090 code [0x0000028b63818300, 0x0000028b63818bc8]
Event: 10.610 Thread 0x0000028b7e629800 3163       3       com.trolltech.qt.internal.QtJambiInternal::isImplementedInJava (19 bytes)
Event: 10.610 Thread 0x0000028b7e629800 nmethod 3163 0x0000028b63818f90 code [0x0000028b63819180, 0x0000028b638195d8]
Event: 10.611 Thread 0x0000028b7e629800 3164       3       com.trolltech.qt.internal.QtJambiInternal::connectSlotsByName (200 bytes)
Event: 10.612 Thread 0x0000028b7e629800 nmethod 3164 0x0000028b63819790 code [0x0000028b63819c00, 0x0000028b6381b968]
Event: 10.612 Thread 0x0000028b7e629800 3165       3       com.trolltech.qt.internal.QtJambiInternal::findSignals (83 bytes)
Event: 10.612 Thread 0x0000028b7e629800 nmethod 3165 0x0000028b6381c490 code [0x0000028b6381c760, 0x0000028b6381d598]
Event: 10.612 Thread 0x0000028b7e629800 3166       3       com.trolltech.qt.internal.QtJambiInternal::findFunctionRecursive (295 bytes)
Event: 10.614 Thread 0x0000028b7e629800 nmethod 3166 0x0000028b6381dc10 code [0x0000028b6381e180, 0x0000028b638207f8]

GC Heap History (6 events):
Event: 0.244 GC heap before
{Heap before GC invocations=0 (full 0):
 garbage-first heap   total 260096K, used 22528K [0x0000000702400000, 0x0000000800000000)
  region size 1024K, 22 young (22528K), 0 survivors (0K)
 Metaspace       used 7212K, capacity 7311K, committed 7424K, reserved 1056768K
  class space    used 629K, capacity 670K, committed 768K, reserved 1048576K
}
Event: 0.249 GC heap after
{Heap after GC invocations=1 (full 0):
 garbage-first heap   total 260096K, used 3670K [0x0000000702400000, 0x0000000800000000)
  region size 1024K, 3 young (3072K), 3 survivors (3072K)
 Metaspace       used 7212K, capacity 7311K, committed 7424K, reserved 1056768K
  class space    used 629K, capacity 670K, committed 768K, reserved 1048576K
}
Event: 9.000 GC heap before
{Heap before GC invocations=1 (full 0):
 garbage-first heap   total 260096K, used 123478K [0x0000000702400000, 0x0000000800000000)
  region size 1024K, 122 young (124928K), 3 survivors (3072K)
 Metaspace       used 20974K, capacity 21234K, committed 21248K, reserved 1069056K
  class space    used 2205K, capacity 2302K, committed 2304K, reserved 1048576K
}
Event: 9.005 GC heap after
{Heap after GC invocations=2 (full 0):
 garbage-first heap   total 260096K, used 7167K [0x0000000702400000, 0x0000000800000000)
  region size 1024K, 6 young (6144K), 6 survivors (6144K)
 Metaspace       used 20974K, capacity 21234K, committed 21248K, reserved 1069056K
  class space    used 2205K, capacity 2302K, committed 2304K, reserved 1048576K
}
Event: 10.119 GC heap before
{Heap before GC invocations=3 (full 0):
 garbage-first heap   total 260096K, used 121855K [0x0000000702400000, 0x0000000800000000)
  region size 1024K, 119 young (121856K), 6 survivors (6144K)
 Metaspace       used 35528K, capacity 35939K, committed 36048K, reserved 1081344K
  class space    used 4116K, capacity 4271K, committed 4348K, reserved 1048576K
}
Event: 10.130 GC heap after
{Heap after GC invocations=4 (full 0):
 garbage-first heap   total 260096K, used 13213K [0x0000000702400000, 0x0000000800000000)
  region size 1024K, 12 young (12288K), 12 survivors (12288K)
 Metaspace       used 35528K, capacity 35939K, committed 36048K, reserved 1081344K
  class space    used 4116K, capacity 4271K, committed 4348K, reserved 1048576K
}

Deoptimization events (20 events):
Event: 10.530 Thread 0x0000028b5a510000 Uncommon trap: trap_request=0xffffffde fr.pc=0x0000028b6a7f222c relative=0x000000000000010c
Event: 10.530 Thread 0x0000028b5a510000 Uncommon trap: reason=class_check action=maybe_recompile pc=0x0000028b6a7f222c method=jdk.internal.misc.Unsafe.allocateUninitializedArray(Ljava/lang/Class;I)Ljava/lang/Object; @ 48 c2
Event: 10.530 Thread 0x0000028b5a510000 DEOPT PACKING pc=0x0000028b6a7f222c sp=0x000000adc11f87b0
Event: 10.530 Thread 0x0000028b5a510000 DEOPT UNPACKING pc=0x0000028b62c27b2f sp=0x000000adc11f8738 mode 2
Event: 10.530 Thread 0x0000028b5a510000 Uncommon trap: trap_request=0xffffffde fr.pc=0x0000028b6a7f222c relative=0x000000000000010c
Event: 10.530 Thread 0x0000028b5a510000 Uncommon trap: reason=class_check action=maybe_recompile pc=0x0000028b6a7f222c method=jdk.internal.misc.Unsafe.allocateUninitializedArray(Ljava/lang/Class;I)Ljava/lang/Object; @ 48 c2
Event: 10.530 Thread 0x0000028b5a510000 DEOPT PACKING pc=0x0000028b6a7f222c sp=0x000000adc11f87b0
Event: 10.530 Thread 0x0000028b5a510000 DEOPT UNPACKING pc=0x0000028b62c27b2f sp=0x000000adc11f8738 mode 2
Event: 10.530 Thread 0x0000028b5a510000 Uncommon trap: trap_request=0xffffffde fr.pc=0x0000028b6a7f222c relative=0x000000000000010c
Event: 10.530 Thread 0x0000028b5a510000 Uncommon trap: reason=class_check action=maybe_recompile pc=0x0000028b6a7f222c method=jdk.internal.misc.Unsafe.allocateUninitializedArray(Ljava/lang/Class;I)Ljava/lang/Object; @ 48 c2
Event: 10.530 Thread 0x0000028b5a510000 DEOPT PACKING pc=0x0000028b6a7f222c sp=0x000000adc11f87b0
Event: 10.530 Thread 0x0000028b5a510000 DEOPT UNPACKING pc=0x0000028b62c27b2f sp=0x000000adc11f8738 mode 2
Event: 10.551 Thread 0x0000028b5a510000 Uncommon trap: trap_request=0xffffff4d fr.pc=0x0000028b6a7ca164 relative=0x0000000000000184
Event: 10.551 Thread 0x0000028b5a510000 Uncommon trap: reason=unstable_if action=reinterpret pc=0x0000028b6a7ca164 method=java.util.regex.Pattern$BmpCharProperty.match(Ljava/util/regex/Matcher;ILjava/lang/CharSequence;)Z @ 5 c2
Event: 10.551 Thread 0x0000028b5a510000 DEOPT PACKING pc=0x0000028b6a7ca164 sp=0x000000adc11f8a20
Event: 10.551 Thread 0x0000028b5a510000 DEOPT UNPACKING pc=0x0000028b62c27b2f sp=0x000000adc11f89d8 mode 2
Event: 10.551 Thread 0x0000028b5a510000 Uncommon trap: trap_request=0xffffff4d fr.pc=0x0000028b6a7ca19c relative=0x00000000000001bc
Event: 10.551 Thread 0x0000028b5a510000 Uncommon trap: reason=unstable_if action=reinterpret pc=0x0000028b6a7ca19c method=java.util.regex.Pattern$BmpCharProperty.match(Ljava/util/regex/Matcher;ILjava/lang/CharSequence;)Z @ 39 c2
Event: 10.551 Thread 0x0000028b5a510000 DEOPT PACKING pc=0x0000028b6a7ca19c sp=0x000000adc11f9190
Event: 10.551 Thread 0x0000028b5a510000 DEOPT UNPACKING pc=0x0000028b62c27b2f sp=0x000000adc11f9150 mode 2

Classes redefined (0 events):
No events

Internal exceptions (20 events):
Event: 0.296 Thread 0x0000028b5a510000 Exception <a 'java/lang/NoSuchMethodError'{0x0000000710749840}: 'java.lang.Object java.lang.invoke.DirectMethodHandle$Holder.invokeStatic(java.lang.Object, java.lang.Object, java.lang.Object, java.lang.Object, int)'> (0x0000000710749840) thrown at [./src/hotspot/share/interpreter/linkResolver.cpp, line 773]
Event: 8.881 Thread 0x0000028b5a510000 Exception <a 'java/lang/NullPointerException'{0x000000070b60e760}> (0x000000070b60e760) thrown at [./src/hotspot/share/interpreter/linkResolver.cpp, line 1440]
Event: 8.899 Thread 0x0000028b5a510000 Implicit null exception at 0x0000028b6a723dfe to 0x0000028b6a7246e4
Event: 8.993 Thread 0x0000028b5a510000 Exception <a 'java/lang/NoSuchMethodError'{0x000000070a85dc00}: 'int java.lang.invoke.DirectMethodHandle$Holder.invokeSpecialIFC(java.lang.Object, java.lang.Object, int)'> (0x000000070a85dc00) thrown at [./src/hotspot/share/interpreter/linkResolver.cpp, line 773]
Event: 8.997 Thread 0x0000028b5a510000 Exception <a 'java/lang/ClassNotFoundException'{0x000000070a870728}: com/sun/org/apache/xerces/internal/impl/xpath/regex/spi/messageProvider> (0x000000070a870728) thrown at [./src/hotspot/share/classfile/systemDictionary.cpp, line 231]
Event: 9.072 Thread 0x0000028b5a510000 Exception <a 'java/lang/NoSuchMethodError'{0x0000000711a8e7b8}: 'java.lang.Object java.lang.invoke.DirectMethodHandle$Holder.invokeStaticInit(java.lang.Object, int, int, int, int)'> (0x0000000711a8e7b8) thrown at [./src/hotspot/share/interpreter/linkResolver.cpp, line 773]
Event: 9.231 Thread 0x0000028b5a510000 Exception <a 'java/lang/NoSuchMethodError'{0x0000000711aea508}: 'java.lang.Object java.lang.invoke.DirectMethodHandle$Holder.invokeStaticInit(java.lang.Object, java.lang.Object, int, int, int, int)'> (0x0000000711aea508) thrown at [./src/hotspot/share/interpreter/linkResolver.cpp, line 773]
Event: 9.630 Thread 0x0000028b5a510000 Exception <a 'java/lang/NoSuchMethodError'{0x000000070ec03db0}: 'java.lang.Object java.lang.invoke.DirectMethodHandle$Holder.invokeStaticInit(java.lang.Object, java.lang.Object, java.lang.Object)'> (0x000000070ec03db0) thrown at [./src/hotspot/share/interpreter/linkResolver.cpp, line 773]
Event: 9.631 Thread 0x0000028b5a510000 Exception <a 'java/lang/NoSuchMethodError'{0x000000070ec0cf38}: 'void java.lang.invoke.DirectMethodHandle$Holder.invokeStatic(java.lang.Object, java.lang.Object, java.lang.Object, java.lang.Object, java.lang.Object, java.lang.Object)'> (0x000000070ec0cf38) thrown at [./src/hotspot/share/interpreter/linkResolver.cpp, line 773]
Event: 9.692 Thread 0x0000028b5a510000 Exception <a 'sun/nio/fs/WindowsException'{0x000000070e99f640}> (0x000000070e99f640) thrown at [./src/hotspot/share/prims/jni.cpp, line 615]
Event: 9.779 Thread 0x0000028b5a510000 Exception <a 'java/lang/NoSuchMethodError'{0x000000070e5b80a0}: 'void java.lang.invoke.DirectMethodHandle$Holder.invokeVirtual(java.lang.Object, java.lang.Object)'> (0x000000070e5b80a0) thrown at [./src/hotspot/share/interpreter/linkResolver.cpp, line 773]
Event: 9.982 Thread 0x0000028b5a510000 Exception <a 'java/lang/NoSuchMethodError'{0x000000070ca243e0}: 'java.lang.Object java.lang.invoke.DirectMethodHandle$Holder.newInvokeSpecial(java.lang.Object, java.lang.Object, int, java.lang.Object, java.lang.Object)'> (0x000000070ca243e0) thrown at [./src/hotspot/share/interpreter/linkResolver.cpp, line 773]
Event: 10.171 Thread 0x0000028b5a510000 Exception <a 'java/lang/NoClassDefFoundError'{0x0000000711724dd0}: javax/el/ExpressionFactory> (0x0000000711724dd0) thrown at [./src/hotspot/share/classfile/systemDictionary.cpp, line 220]
Event: 10.172 Thread 0x0000028b5a510000 Exception <a 'java/lang/NoClassDefFoundError'{0x0000000711731570}: javax/el/ExpressionFactory> (0x0000000711731570) thrown at [./src/hotspot/share/oops/constantPool.cpp, line 775]
Event: 10.172 Thread 0x0000028b5a510000 Exception <a 'java/lang/NoClassDefFoundError'{0x0000000711737ef0}: javax/el/ELManager> (0x0000000711737ef0) thrown at [./src/hotspot/share/classfile/systemDictionary.cpp, line 220]
Event: 10.172 Thread 0x0000028b5a510000 Exception <a 'java/lang/NoSuchMethodError'{0x000000071173cfb8}: 'void java.lang.invoke.DirectMethodHandle$Holder.invokeSpecial(java.lang.Object, java.lang.Object, java.lang.Object, java.lang.Object)'> (0x000000071173cfb8) thrown at [./src/hotspot/share/interpreter/linkResolver.cpp, line 773]
Event: 10.411 Thread 0x0000028b5a510000 Exception <a 'java/lang/NoSuchMethodError'{0x000000070f9dc058}: 'void java.lang.invoke.DirectMethodHandle$Holder.invokeInterface(java.lang.Object, java.lang.Object)'> (0x000000070f9dc058) thrown at [./src/hotspot/share/interpreter/linkResolver.cpp, line 773]
Event: 10.419 Thread 0x0000028b5a510000 Exception <a 'java/lang/NoSuchMethodError'{0x000000070f74fcb8}: 'java.lang.Object java.lang.invoke.DirectMethodHandle$Holder.invokeStaticInit(java.lang.Object, java.lang.Object, java.lang.Object, java.lang.Object, int, int)'> (0x000000070f74fcb8) thrown at [./src/hotspot/share/interpreter/linkResolver.cpp, line 773]
Event: 10.503 Thread 0x0000028b5a510000 Exception <a 'java/lang/NoSuchMethodError'{0x000000070e960a50}: 'java.lang.Object java.lang.invoke.DirectMethodHandle$Holder.invokeInterface(java.lang.Object, java.lang.Object, java.lang.Object)'> (0x000000070e960a50) thrown at [./src/hotspot/share/interpreter/linkResolver.cpp, line 773]
Event: 10.598 Thread 0x0000028b5a510000 Exception <a 'java/lang/NoSuchMethodError'{0x000000070dbe8ce8}: 'java.lang.Object java.lang.invoke.DirectMethodHandle$Holder.invokeStaticInit(java.lang.Object, java.lang.Object, java.lang.Object, java.lang.Object, java.lang.Object, java.lang.Object)'> (0x000000070dbe8ce8) thrown at [./src/hotspot/share/interpreter/linkResolver.cpp, line 773]

Events (20 events):
Event: 10.600 loading class java/sql/ResultSet
Event: 10.600 loading class java/sql/ResultSet done
Event: 10.600 loading class sun/invoke/util/VerifyAccess$1
Event: 10.600 loading class sun/invoke/util/VerifyAccess$1 done
Event: 10.600 loading class java/sql/ResultSet
Event: 10.600 loading class java/sql/ResultSet done
Event: 10.600 loading class org/hibernate/collection/spi/PersistentCollection
Event: 10.600 loading class org/hibernate/collection/spi/PersistentCollection done
Event: 10.600 loading class org/hibernate/hql/internal/HolderInstantiator
Event: 10.600 loading class org/hibernate/hql/internal/HolderInstantiator done
Event: 10.601 loading class java/sql/Statement
Event: 10.601 loading class java/sql/Statement done
Event: 10.601 loading class java/sql/Statement
Event: 10.601 loading class java/sql/Statement done
Event: 10.607 loading class view/TableView
Event: 10.607 loading class view/TableView done
Event: 10.608 loading class ui/Ui_MainMenu
Event: 10.608 loading class ui/Ui_MainMenu done
Event: 10.609 loading class com/trolltech/qt/gui/QRadioButton
Event: 10.609 loading class com/trolltech/qt/gui/QRadioButton done


Dynamic libraries:
0x00007ff6fe050000 - 0x00007ff6fe05d000 	C:\Program Files\AdoptOpenJDK\jdk-11.0.10.9-hotspot\bin\java.exe
0x00007ffe65df0000 - 0x00007ffe65fe5000 	C:\windows\SYSTEM32\ntdll.dll
0x00007ffe64f20000 - 0x00007ffe64fdd000 	C:\windows\System32\KERNEL32.DLL
0x00007ffe635b0000 - 0x00007ffe63878000 	C:\windows\System32\KERNELBASE.dll
0x00007ffe63880000 - 0x00007ffe63980000 	C:\windows\System32\ucrtbase.dll
0x00007ffe51900000 - 0x00007ffe51915000 	C:\Program Files\AdoptOpenJDK\jdk-11.0.10.9-hotspot\bin\VCRUNTIME140.dll
0x00007ffe4e810000 - 0x00007ffe4e827000 	C:\Program Files\AdoptOpenJDK\jdk-11.0.10.9-hotspot\bin\jli.dll
0x00007ffe63e50000 - 0x00007ffe63ff0000 	C:\windows\System32\USER32.dll
0x00007ffe63c10000 - 0x00007ffe63c32000 	C:\windows\System32\win32u.dll
0x00007ffe4b5d0000 - 0x00007ffe4b86a000 	C:\windows\WinSxS\amd64_microsoft.windows.common-controls_6595b64144ccf1df_6.0.19041.844_none_ca00b6081b84eb1d\COMCTL32.dll
0x00007ffe64110000 - 0x00007ffe6413a000 	C:\windows\System32\GDI32.dll
0x00007ffe63c40000 - 0x00007ffe63d4b000 	C:\windows\System32\gdi32full.dll
0x00007ffe649c0000 - 0x00007ffe64a5e000 	C:\windows\System32\msvcrt.dll
0x00007ffe63db0000 - 0x00007ffe63e4d000 	C:\windows\System32\msvcp_win.dll
0x00007ffe65400000 - 0x00007ffe65430000 	C:\windows\System32\IMM32.DLL
0x00007ffe3f260000 - 0x00007ffe3f2fb000 	C:\Program Files\AdoptOpenJDK\jdk-11.0.10.9-hotspot\bin\msvcp140.dll
0x00007ffe05300000 - 0x00007ffe05e43000 	C:\Program Files\AdoptOpenJDK\jdk-11.0.10.9-hotspot\bin\server\jvm.dll
0x00007ffe65350000 - 0x00007ffe653fc000 	C:\windows\System32\ADVAPI32.dll
0x00007ffe65c00000 - 0x00007ffe65c9b000 	C:\windows\System32\sechost.dll
0x00007ffe64140000 - 0x00007ffe6426b000 	C:\windows\System32\RPCRT4.dll
0x00007ffe64b30000 - 0x00007ffe64b38000 	C:\windows\System32\PSAPI.DLL
0x00007ffe4e7d0000 - 0x00007ffe4e7d9000 	C:\windows\SYSTEM32\WSOCK32.dll
0x00007ffe65200000 - 0x00007ffe6526b000 	C:\windows\System32\WS2_32.dll
0x00007ffe5ccf0000 - 0x00007ffe5ccfa000 	C:\windows\SYSTEM32\VERSION.dll
0x00007ffe4cc20000 - 0x00007ffe4cc47000 	C:\windows\SYSTEM32\WINMM.dll
0x00007ffe61390000 - 0x00007ffe613a2000 	C:\windows\SYSTEM32\kernel.appcore.dll
0x00007ffe5d870000 - 0x00007ffe5d880000 	C:\Program Files\AdoptOpenJDK\jdk-11.0.10.9-hotspot\bin\verify.dll
0x00007ffe4b000000 - 0x00007ffe4b1e4000 	C:\windows\SYSTEM32\DBGHELP.DLL
0x00007ffe4bfd0000 - 0x00007ffe4bffc000 	C:\windows\SYSTEM32\dbgcore.DLL
0x00007ffe63b90000 - 0x00007ffe63c10000 	C:\windows\System32\bcryptPrimitives.dll
0x00007ffe4d2b0000 - 0x00007ffe4d2d8000 	C:\Program Files\AdoptOpenJDK\jdk-11.0.10.9-hotspot\bin\java.dll
0x00007ffe4d2a0000 - 0x00007ffe4d2aa000 	C:\Program Files\AdoptOpenJDK\jdk-11.0.10.9-hotspot\bin\jimage.dll
0x00007ffe4d260000 - 0x00007ffe4d26e000 	C:\Program Files\AdoptOpenJDK\jdk-11.0.10.9-hotspot\bin\instrument.dll
0x00007ffe4d280000 - 0x00007ffe4d297000 	C:\Program Files\AdoptOpenJDK\jdk-11.0.10.9-hotspot\bin\zip.dll
0x00007ffe64270000 - 0x00007ffe649b2000 	C:\windows\System32\SHELL32.dll
0x00007ffe61670000 - 0x00007ffe61e01000 	C:\windows\SYSTEM32\windows.storage.dll
0x00007ffe65430000 - 0x00007ffe65785000 	C:\windows\System32\combase.dll
0x00007ffe62fa0000 - 0x00007ffe62fcc000 	C:\windows\SYSTEM32\Wldp.dll
0x00007ffe64ff0000 - 0x00007ffe6509e000 	C:\windows\System32\SHCORE.dll
0x00007ffe64b40000 - 0x00007ffe64b95000 	C:\windows\System32\shlwapi.dll
0x00007ffe63470000 - 0x00007ffe6348f000 	C:\windows\SYSTEM32\profapi.dll
0x00007ffe3f330000 - 0x00007ffe3f349000 	C:\Program Files\AdoptOpenJDK\jdk-11.0.10.9-hotspot\bin\net.dll
0x00007ffe53740000 - 0x00007ffe5384b000 	C:\windows\SYSTEM32\WINHTTP.dll
0x00007ffe62d10000 - 0x00007ffe62d7a000 	C:\windows\system32\mswsock.dll
0x00007ffe3f240000 - 0x00007ffe3f252000 	C:\Program Files\AdoptOpenJDK\jdk-11.0.10.9-hotspot\bin\nio.dll
0x00007ffe3f220000 - 0x00007ffe3f23a000 	E:\IntelliJ IDEA 2020.3.3\bin\breakgen64.dll
0x0000000057940000 - 0x0000000057c21000 	C:\Users\2000e\AppData\Local\Temp\QtJambi_2000e_amd64_4.8.6_msvc2012x64-20150117-2107\lib\QtCore4.dll
0x00007ffe64d50000 - 0x00007ffe64e7a000 	C:\windows\System32\ole32.dll
0x00007ffe3f170000 - 0x00007ffe3f217000 	C:\windows\SYSTEM32\MSVCP110.dll
0x00007ffe4df50000 - 0x00007ffe4e024000 	C:\windows\SYSTEM32\MSVCR110.dll
0x00007ffe3f130000 - 0x00007ffe3f170000 	C:\Users\2000e\AppData\Local\Temp\QtJambi_2000e_amd64_4.8.6_msvc2012x64-20150117-2107\lib\qtjambi.dll
0x00007ffe25c00000 - 0x00007ffe25d30000 	C:\Users\2000e\AppData\Local\Temp\QtJambi_2000e_amd64_4.8.6_msvc2012x64-20150117-2107\lib\com_trolltech_qt_core.dll
0x0000000056fc0000 - 0x0000000057936000 	C:\Users\2000e\AppData\Local\Temp\QtJambi_2000e_amd64_4.8.6_msvc2012x64-20150117-2107\lib\QtGui4.dll
0x00007ffe65270000 - 0x00007ffe6534a000 	C:\windows\System32\COMDLG32.dll
0x00007ffe64a60000 - 0x00007ffe64b2d000 	C:\windows\System32\OLEAUT32.dll
0x00007ffe4b310000 - 0x00007ffe4b39e000 	C:\windows\SYSTEM32\WINSPOOL.DRV
0x00007ffe00c50000 - 0x00007ffe0137f000 	C:\Users\2000e\AppData\Local\Temp\QtJambi_2000e_amd64_4.8.6_msvc2012x64-20150117-2107\lib\com_trolltech_qt_gui.dll
0x00007ffe60fb0000 - 0x00007ffe6104e000 	C:\windows\system32\uxtheme.dll
0x00007ffe63ff0000 - 0x00007ffe64105000 	C:\windows\System32\MSCTF.dll
0x00007ffe65ca0000 - 0x00007ffe65d49000 	C:\windows\System32\clbcatq.dll
0x00007ffe34540000 - 0x00007ffe3457e000 	C:\windows\system32\dataexchange.dll
0x00007ffe5f2a0000 - 0x00007ffe5f504000 	C:\windows\system32\d3d11.dll
0x00007ffe602b0000 - 0x00007ffe60495000 	C:\windows\system32\dcomp.dll
0x00007ffe61e70000 - 0x00007ffe61f63000 	C:\windows\system32\dxgi.dll
0x00007ffe5e0b0000 - 0x00007ffe5e2b1000 	C:\windows\system32\twinapi.appcore.dll
0x00007ffe53e50000 - 0x00007ffe53f49000 	C:\windows\SYSTEM32\textinputframework.dll
0x00007ffe60840000 - 0x00007ffe60b9e000 	C:\windows\System32\CoreUIComponents.dll
0x00007ffe60ba0000 - 0x00007ffe60c92000 	C:\windows\System32\CoreMessaging.dll
0x00007ffe62270000 - 0x00007ffe622a3000 	C:\windows\SYSTEM32\ntmarta.dll
0x00007ffe60130000 - 0x00007ffe60284000 	C:\windows\SYSTEM32\wintypes.dll
0x00007ffe48090000 - 0x00007ffe48140000 	C:\windows\WinSxS\amd64_microsoft.windows.common-controls_6595b64144ccf1df_5.82.19041.844_none_423537bff6b9828c\comctl32.dll
0x00007ffe62ee0000 - 0x00007ffe62ef8000 	C:\windows\SYSTEM32\CRYPTSP.dll
0x00007ffe62640000 - 0x00007ffe62674000 	C:\windows\system32\rsaenh.dll
0x00007ffe63530000 - 0x00007ffe63557000 	C:\windows\System32\bcrypt.dll
0x00007ffe633f0000 - 0x00007ffe6341e000 	C:\windows\SYSTEM32\USERENV.dll
0x00007ffe62f00000 - 0x00007ffe62f0c000 	C:\windows\SYSTEM32\CRYPTBASE.dll
0x00007ffe629b0000 - 0x00007ffe629eb000 	C:\windows\SYSTEM32\IPHLPAPI.DLL
0x00007ffe64fe0000 - 0x00007ffe64fe8000 	C:\windows\System32\NSI.dll
0x00007ffe5cd20000 - 0x00007ffe5cd37000 	C:\windows\SYSTEM32\dhcpcsvc6.DLL
0x00007ffe5cd00000 - 0x00007ffe5cd1d000 	C:\windows\SYSTEM32\dhcpcsvc.DLL
0x00007ffe629f0000 - 0x00007ffe62abc000 	C:\windows\SYSTEM32\DNSAPI.dll
0x00007ffe51860000 - 0x00007ffe5186a000 	C:\Windows\System32\rasadhlp.dll
0x00007ffe520a0000 - 0x00007ffe5211f000 	C:\windows\System32\fwpuclnt.dll
0x00007ffe4d220000 - 0x00007ffe4d229000 	C:\Program Files\AdoptOpenJDK\jdk-11.0.10.9-hotspot\bin\management.dll
0x00007ffe3f310000 - 0x00007ffe3f31b000 	C:\Program Files\AdoptOpenJDK\jdk-11.0.10.9-hotspot\bin\management_ext.dll
0x00007ffe3a4b0000 - 0x00007ffe3a4d5000 	C:\Program Files\AdoptOpenJDK\jdk-11.0.10.9-hotspot\bin\sunec.dll

dbghelp: loaded successfully - version: 4.0.5 - missing functions: none
symbol engine: initialized successfully - sym options: 0x614 - pdb path: .;C:\Program Files\AdoptOpenJDK\jdk-11.0.10.9-hotspot\bin;C:\windows\SYSTEM32;C:\windows\WinSxS\amd64_microsoft.windows.common-controls_6595b64144ccf1df_6.0.19041.844_none_ca00b6081b84eb1d;C:\Program Files\AdoptOpenJDK\jdk-11.0.10.9-hotspot\bin\server;E:\IntelliJ IDEA 2020.3.3\bin;C:\Users\2000e\AppData\Local\Temp\QtJambi_2000e_amd64_4.8.6_msvc2012x64-20150117-2107\lib;C:\windows\WinSxS\amd64_microsoft.windows.common-controls_6595b64144ccf1df_5.82.19041.844_none_423537bff6b9828c

VM Arguments:
jvm_args: -javaagent:E:\IntelliJ IDEA 2020.3.3\lib\idea_rt.jar=64614:E:\IntelliJ IDEA 2020.3.3\bin -Dfile.encoding=UTF-8 
java_command: Application
java_class_path (initial): E:\Cross\qtjambi-4.8.6-64\qtjambi-native-win64-msvc2012x64-4.8.6.jar;E:\Cross\qtjambi-4.8.6-64\qtjambi-4.8.6.jar;E:\Cross\lab_hiber\target\classes;C:\Users\2000e\.m2\repository\org\bytedeco\qt-platform\5.15.2-1.5.5\qt-platform-5.15.2-1.5.5.jar;C:\Users\2000e\.m2\repository\org\bytedeco\javacpp-platform\1.5.5\javacpp-platform-1.5.5.jar;C:\Users\2000e\.m2\repository\org\bytedeco\javacpp\1.5.5\javacpp-1.5.5.jar;C:\Users\2000e\.m2\repository\org\bytedeco\javacpp\1.5.5\javacpp-1.5.5-android-arm.jar;C:\Users\2000e\.m2\repository\org\bytedeco\javacpp\1.5.5\javacpp-1.5.5-android-arm64.jar;C:\Users\2000e\.m2\repository\org\bytedeco\javacpp\1.5.5\javacpp-1.5.5-android-x86.jar;C:\Users\2000e\.m2\repository\org\bytedeco\javacpp\1.5.5\javacpp-1.5.5-android-x86_64.jar;C:\Users\2000e\.m2\repository\org\bytedeco\javacpp\1.5.5\javacpp-1.5.5-ios-arm64.jar;C:\Users\2000e\.m2\repository\org\bytedeco\javacpp\1.5.5\javacpp-1.5.5-ios-x86_64.jar;C:\Users\2000e\.m2\repository\org\bytedeco\javacpp\1.5.5\javacpp-1.5.5-linux-armhf.jar;C:\Users\2000e\.m2\repository\org\bytedeco\javacpp\1.5.5\javacpp-1.5.5-linux-arm64.jar;C:\Users\2000e\.m2\repository\org\bytedeco\javacpp\1.5.5\javacpp-1.5.5-linux-ppc64le.jar;C:\Users\2000e\.m2\repository\org\bytedeco\javacpp\1.5.5\javacpp-1.5.5-linux-x86.jar;C:\Users\2000e\.m2\repository\org\bytedeco\javacpp\1.5.5\javacpp-1.5.5-linux-x86_64.jar;C:\Users\2000e\.m2\repository\org\bytedeco\javacpp\1.5.5\javacpp-1.5.5-macosx-arm64.jar;C:\Users\2000e\.m2\repository\org\bytedeco\javacpp\1.5.5\javacpp-1.5.5-macosx-x86_64.jar;C:\Users\2000e\.m2\repository\org\bytedeco\javacpp\1.5.5\javacpp-1.5.5-windows-x86.jar;C:\Users\2000e\.m2\repository\org\bytedeco\javacpp\1.5.5\javacpp-1.5.5-windows-x86_64.jar;C:\Users\2000e\.m2\repository\org\bytedeco\qt\5.15.2-1.5.5\qt-5.15.2-1.5.5.jar;C:\Users\2000e\.m2\repository\org\bytedeco\qt\5.15.2-1.5.5\qt-5.15.2-1.5.5-linux-x86_64.jar;C:\Users\2000e\.m2\repository\org\bytedeco\qt\5.15.2-1.5.5\qt-5.15.2-1.5.5
Launcher Type: SUN_STANDARD

[Global flags]
     intx CICompilerCount                          = 3                                         {product} {ergonomic}
     uint ConcGCThreads                            = 2                                         {product} {ergonomic}
     uint G1ConcRefinementThreads                  = 6                                         {product} {ergonomic}
   size_t G1HeapRegionSize                         = 1048576                                   {product} {ergonomic}
    uintx GCDrainStackTargetSize                   = 64                                        {product} {ergonomic}
   size_t InitialHeapSize                          = 266338304                                 {product} {ergonomic}
   size_t MarkStackSize                            = 4194304                                   {product} {ergonomic}
   size_t MaxHeapSize                              = 4257218560                                {product} {ergonomic}
   size_t MaxNewSize                               = 2554331136                                {product} {ergonomic}
   size_t MinHeapDeltaBytes                        = 1048576                                   {product} {ergonomic}
    uintx NonNMethodCodeHeapSize                   = 5830732                                {pd product} {ergonomic}
    uintx NonProfiledCodeHeapSize                  = 122913754                              {pd product} {ergonomic}
    uintx ProfiledCodeHeapSize                     = 122913754                              {pd product} {ergonomic}
    uintx ReservedCodeCacheSize                    = 251658240                              {pd product} {ergonomic}
     bool SegmentedCodeCache                       = true                                      {product} {ergonomic}
     bool UseCompressedClassPointers               = true                                 {lp64_product} {ergonomic}
     bool UseCompressedOops                        = true                                 {lp64_product} {ergonomic}
     bool UseG1GC                                  = true                                      {product} {ergonomic}
     bool UseLargePagesIndividualAllocation        = false                                  {pd product} {ergonomic}

Logging:
Log output configuration:
 #0: stdout all=warning uptime,level,tags
 #1: stderr all=off uptime,level,tags

Environment Variables:
PATH=C:\Program Files\AdoptOpenJDK\jdk-11.0.10.9-hotspot\bin;C:\windows\system32;C:\windows;C:\windows\System32\Wbem;C:\windows\System32\WindowsPowerShell\v1.0\;C:\windows\System32\OpenSSH\;C:\Program Files\dotnet\;C:\Program Files\Microsoft SQL Server\130\Tools\Binn\;C:\Program Files\Microsoft SQL Server\Client SDK\ODBC\170\Tools\Binn\;C:\ProgramData\chocolatey\bin;C:\Program Files\nodejs\;C:\Program Files (x86)\Yarn\bin\;C:\Program Files\NVIDIA Corporation\NVIDIA NvDLISR;C:\Program Files (x86)\NVIDIA Corporation\PhysX\Common;E:\Git\cmd;E:\MATHLAB\bin;C:\Python39\Scripts\;C:\Python39\;C:\Program Files\MySQL\MySQL Shell 8.0\bin\;C:\Users\2000e\AppData\Local\Programs\Python\Python39\Scripts\;C:\Users\2000e\AppData\Local\Programs\Python\Python39\;C:\Users\2000e\AppData\Local\Microsoft\WindowsApps;C:\Users\2000e\.dotnet\tools;C:\Users\2000e\AppData\Local\atom\bin;E:\Server\Node;C:\Users\2000e\AppData\Roaming\npm;C:\Users\2000e\AppData\Local\Yarn\bin;C:\Users\2000e\AppData\Local\GitHubDesktop\bin;E:\IntelliJ IDEA Community Edition 2020.3.3\bin;
USERNAME=2000e
OS=Windows_NT
PROCESSOR_IDENTIFIER=Intel64 Family 6 Model 158 Stepping 10, GenuineIntel



---------------  S Y S T E M  ---------------

OS: Windows 10 , 64 bit Build 19041 (10.0.19041.928)
OS uptime: 0 days 13:53 hours

CPU:total 6 (initial active 6) (6 cores per cpu, 1 threads per core) family 6 model 158 stepping 10 microcode 0xde, cmov, cx8, fxsr, mmx, sse, sse2, sse3, ssse3, sse4.1, sse4.2, popcnt, avx, avx2, aes, clmul, erms, 3dnowpref, lzcnt, tsc, tscinvbit, bmi1, bmi2, adx, fma

Memory: 4k page, system-wide physical 16238M (6070M free)
TotalPageFile size 19527M (AvailPageFile size 2534M)
current process WorkingSet (physical memory assigned to process): 283M, peak: 286M
current process commit charge ("private bytes"): 432M, peak: 435M

vm_info: OpenJDK 64-Bit Server VM (11.0.10+9) for windows-amd64 JRE (11.0.10+9), built on Jan 20 2021 06:07:07 by "" with MS VC++ 15.9 (VS2017)

END.
