#
# A fatal error has been detected by the Java Runtime Environment:
#
#  EXCEPTION_ACCESS_VIOLATION (0xc0000005) at pc=0x00000000768ad768, pid=4072, tid=8372
#
# JRE version: OpenJDK Runtime Environment AdoptOpenJDK (11.0.10+9) (build 11.0.10+9)
# Java VM: OpenJDK 64-Bit Server VM AdoptOpenJDK (11.0.10+9, mixed mode, tiered, compressed oops, g1 gc, windows-amd64)
# Problematic frame:
# C  [QtGui4.dll+0x5d768]
#
# No core dump will be written. Minidumps are not enabled by default on client versions of Windows
#
# If you would like to submit a bug report, please visit:
#   https://github.com/AdoptOpenJDK/openjdk-support/issues
# The crash happened outside the Java Virtual Machine in native code.
# See problematic frame for where to report the bug.
#

---------------  S U M M A R Y ------------

Command Line: -javaagent:E:\IntelliJ IDEA 2020.3.3\lib\idea_rt.jar=57228:E:\IntelliJ IDEA 2020.3.3\bin -Dfile.encoding=UTF-8 Application

Host: Intel(R) Core(TM) i5-8400 CPU @ 2.80GHz, 6 cores, 15G,  Windows 10 , 64 bit Build 19041 (10.0.19041.928)
Time: Thu Apr 22 15:42:23 2021 RTZ 2 (зима) elapsed time: 167.586866 seconds (0d 0h 2m 47s)

---------------  T H R E A D  ---------------

Current thread (0x000001ae9969f800):  JavaThread "main" [_thread_in_native, id=8372, stack(0x000000989e900000,0x000000989ea00000)]

Stack: [0x000000989e900000,0x000000989ea00000],  sp=0x000000989e9fae40,  free space=1003k
Native frames: (J=compiled Java code, j=interpreted, Vv=VM code, C=native code)
C  [QtGui4.dll+0x5d768]

Java frames: (J=compiled Java code, j=interpreted, Vv=VM code)
j  com.trolltech.qt.gui.QApplication.exec_internal()I+0
j  com.trolltech.qt.gui.QApplication.execStatic()I+16
j  Application.main([Ljava/lang/String;)V+12
v  ~StubRoutines::call_stub

siginfo: EXCEPTION_ACCESS_VIOLATION (0xc0000005), reading address 0x0000000000000020


Register to memory mapping:

RIP=0x00000000768ad768 QtGui4.dll
RAX=0x0 is NULL
RBX=0x0 is NULL
RCX=0x000001aec1392b10 points into unknown readable memory: 0x00007fffb353e158 | 58 e1 53 b3 ff 7f 00 00
RDX=0x0000000000000006 is an unknown value
RSP=0x000000989e9fae40 is pointing into the stack for thread: 0x000001ae9969f800
RBP=0x000000989e9faf40 is pointing into the stack for thread: 0x000001ae9969f800
RSI=0x000001aec1392ed0 points into unknown readable memory: 0x00007fffb3518e78 | 78 8e 51 b3 ff 7f 00 00
RDI=0x000001aec175e7a0 points into unknown readable memory: 0x0000000076e73888 | 88 38 e7 76 00 00 00 00
R8 =0x0000000000000004 is an unknown value
R9 =0x0000000000000002 is an unknown value
R10=0x000001ae9968a850 points into unknown readable memory: 0x000001e000000001 | 01 00 00 00 e0 01 00 00
R11=0x000000989e9fada0 is pointing into the stack for thread: 0x000001ae9969f800
R12=0x0000000000000004 is an unknown value
R13=0x0 is NULL
R14=0x000001aec2e3c550 points into unknown readable memory: 0x0000000076eaee00 | 00 ee ea 76 00 00 00 00
R15=0x0 is NULL


Registers:
RAX=0x0000000000000000, RBX=0x0000000000000000, RCX=0x000001aec1392b10, RDX=0x0000000000000006
RSP=0x000000989e9fae40, RBP=0x000000989e9faf40, RSI=0x000001aec1392ed0, RDI=0x000001aec175e7a0
R8 =0x0000000000000004, R9 =0x0000000000000002, R10=0x000001ae9968a850, R11=0x000000989e9fada0
R12=0x0000000000000004, R13=0x0000000000000000, R14=0x000001aec2e3c550, R15=0x0000000000000000
RIP=0x00000000768ad768, EFLAGS=0x0000000000010246

Top of Stack: (sp=0x000000989e9fae40)
0x000000989e9fae40:   0000000000000000 0000000000000000
0x000000989e9fae50:   000001aebe3518c0 0000000000000014
0x000000989e9fae60:   0000000000000014 0000000000000000
0x000000989e9fae70:   0000000000000000 0000000000000000
0x000000989e9fae80:   000001aebf231c00 000000989e9fafd0
0x000000989e9fae90:   000000989e9f0000 000000007715cb68
0x000000989e9faea0:   000001aec36a3c30 000001aec3577610
0x000000989e9faeb0:   000001aec33d8810 000000989e9fb048
0x000000989e9faec0:   0000009800000000 000000989e9fb100
0x000000989e9faed0:   000001ae00000001 000001ae9969f800
0x000000989e9faee0:   000000989e9fb060 0000000076e47ad8
0x000000989e9faef0:   0000000000000000 000001aec36c000c
0x000000989e9faf00:   0000000000000000 000000130000004b
0x000000989e9faf10:   000001aec3577610 000000989e9faf00
0x000000989e9faf20:   000000989e9fafd0 00007fffb3bda387
0x000000989e9faf30:   fffffffffffffffe 000001ae9969f800 

Instructions: (pc=0x00000000768ad768)
0x00000000768ad668:   00 41 f7 86 d8 01 00 00 00 00 02 00 0f 85 8e 00
0x00000000768ad678:   00 00 48 8b 46 08 8b 88 cc 01 00 00 c1 e9 12 80
0x00000000768ad688:   e1 01 74 7c 48 8d 56 10 48 8d 4c 24 58 e8 26 6f
0x00000000768ad698:   0d 00 90 48 8b ce e8 3d 56 00 00 ba 04 00 00 00
0x00000000768ad6a8:   44 8d 42 06 48 8b c8 e8 1c b2 fe ff 48 8b 08 8b
0x00000000768ad6b8:   41 08 89 45 10 48 8b 41 0c 48 89 45 14 0f b7 41
0x00000000768ad6c8:   14 66 89 45 1c f2 0f 10 0d 53 46 5a 00 48 8d 4d
0x00000000768ad6d8:   10 e8 62 7d 0b 00 48 8d 55 e0 48 8d 4c 24 68 e8
0x00000000768ad6e8:   04 cd 11 00 48 8b d0 4c 8d 45 10 48 8d 4c 24 58
0x00000000768ad6f8:   e8 33 2d 0e 00 90 48 8d 4c 24 58 e8 38 79 0d 00
0x00000000768ad708:   48 8d 54 24 68 48 8d 4d a8 e8 1a 40 fd ff 90 48
0x00000000768ad718:   8d 55 a8 48 8b ce ff 15 6c f5 58 00 48 83 7c 24
0x00000000768ad728:   70 00 74 5f 80 7c 24 51 00 75 58 45 84 ed 75 53
0x00000000768ad738:   48 8b 46 20 48 83 38 00 75 32 48 8b ce ff 15 5d
0x00000000768ad748:   f1 58 00 48 85 c0 74 18 48 8b 48 20 48 83 39 00
0x00000000768ad758:   75 0e 48 8b c8 ff 15 45 f1 58 00 48 85 c0 75 e8
0x00000000768ad768:   48 8b 40 20 0f b6 40 0c a8 01 75 17 4c 8b 4c 24
0x00000000768ad778:   78 4c 8b c6 48 8d 54 24 68 48 8b 4c 24 70 e8 f5
0x00000000768ad788:   14 18 00 48 85 ff 74 64 49 89 9e b8 00 00 00 4d
0x00000000768ad798:   85 ff 75 27 48 8b 5f 18 48 8d 4d e0 ff 15 c6 f1
0x00000000768ad7a8:   58 00 8b 08 89 4b 20 8b 48 04 89 4b 24 8b 48 08
0x00000000768ad7b8:   89 4b 28 8b 40 0c 89 43 2c eb 0b 48 8b 47 18 48
0x00000000768ad7c8:   89 98 90 00 00 00 48 8d 4c 24 58 e8 f8 9b 11 00
0x00000000768ad7d8:   4c 8b 4f 18 4d 8b 41 18 48 8b 08 49 89 49 18 4c
0x00000000768ad7e8:   89 00 48 8d 4c 24 58 e8 3c 9e 11 00 45 33 c0 41
0x00000000768ad7f8:   8d 50 3e 48 8b ce e8 2d a4 00 00 66 83 7e 18 00
0x00000000768ad808:   74 1c 48 8b 46 20 8b 48 08 c1 e9 0d 80 e1 01 75
0x00000000768ad818:   0d 48 8d 0d 70 41 5a 00 ff 15 d2 ee 58 00 48 85
0x00000000768ad828:   ff 74 17 8b 47 14 d1 e8 a8 01 74 0e 48 8b 07 ba
0x00000000768ad838:   01 00 00 00 48 8b cf ff 10 90 48 8d 4d a8 e8 45
0x00000000768ad848:   4c fd ff 48 8b 5c 24 60 80 7d 90 00 74 57 49 8d
0x00000000768ad858:   4e 18 ff 15 e8 ef 58 00 84 c0 75 49 41 83 e4 fe 


Stack slot to memory mapping:
stack at sp + 0 slots: 0x0 is NULL
stack at sp + 1 slots: 0x0 is NULL
stack at sp + 2 slots: 0x000001aebe3518c0 points into unknown readable memory: 0x0000000000000108 | 08 01 00 00 00 00 00 00
stack at sp + 3 slots: 0x0000000000000014 is an unknown value
stack at sp + 4 slots: 0x0000000000000014 is an unknown value
stack at sp + 5 slots: 0x0 is NULL
stack at sp + 6 slots: 0x0 is NULL
stack at sp + 7 slots: 0x0 is NULL


---------------  P R O C E S S  ---------------

Threads class SMR info:
_java_thread_list=0x000001aebe846c00, length=13, elements={
0x000001ae9969f800, 0x000001aebceb9000, 0x000001aebceba000, 0x000001aebd7be800,
0x000001aebd7bf800, 0x000001aebd7c1000, 0x000001aebd7c6000, 0x000001aebd824800,
0x000001aebd827800, 0x000001aebce72800, 0x000001aebde2d000, 0x000001aebe165000,
0x000001aec3298800
}

Java Threads: ( => current thread )
=>0x000001ae9969f800 JavaThread "main" [_thread_in_native, id=8372, stack(0x000000989e900000,0x000000989ea00000)]
  0x000001aebceb9000 JavaThread "Reference Handler" daemon [_thread_blocked, id=13600, stack(0x000000989f000000,0x000000989f100000)]
  0x000001aebceba000 JavaThread "Finalizer" daemon [_thread_blocked, id=12396, stack(0x000000989f100000,0x000000989f200000)]
  0x000001aebd7be800 JavaThread "Signal Dispatcher" daemon [_thread_blocked, id=6680, stack(0x000000989f200000,0x000000989f300000)]
  0x000001aebd7bf800 JavaThread "Attach Listener" daemon [_thread_blocked, id=1460, stack(0x000000989f300000,0x000000989f400000)]
  0x000001aebd7c1000 JavaThread "Service Thread" daemon [_thread_blocked, id=4324, stack(0x000000989f400000,0x000000989f500000)]
  0x000001aebd7c6000 JavaThread "C2 CompilerThread0" daemon [_thread_blocked, id=8636, stack(0x000000989f500000,0x000000989f600000)]
  0x000001aebd824800 JavaThread "C1 CompilerThread0" daemon [_thread_blocked, id=11804, stack(0x000000989f600000,0x000000989f700000)]
  0x000001aebd827800 JavaThread "Sweeper thread" daemon [_thread_blocked, id=3392, stack(0x000000989f700000,0x000000989f800000)]
  0x000001aebce72800 JavaThread "Common-Cleaner" daemon [_thread_blocked, id=11768, stack(0x000000989f800000,0x000000989f900000)]
  0x000001aebde2d000 JavaThread "Monitor Ctrl-Break" daemon [_thread_in_native, id=5888, stack(0x000000989fa00000,0x000000989fb00000)]
  0x000001aebe165000 JavaThread "qtjambi-com.trolltech.qt.QThreadManager$NativeResourcesReleaseThread" daemon [_thread_blocked, id=10060, stack(0x00000098a0100000,0x00000098a0200000)]
  0x000001aec3298800 JavaThread "Hibernate Connection Pool Validation Thread" daemon [_thread_blocked, id=13128, stack(0x00000098a0800000,0x00000098a0900000)]

Other Threads:
  0x000001aebceb6000 VMThread "VM Thread" [stack: 0x000000989ef00000,0x000000989f000000] [id=12272]
  0x000001aebde2e000 WatcherThread [stack: 0x000000989fb00000,0x000000989fc00000] [id=3164]
  0x000001ae996b8000 GCTaskThread "GC Thread#0" [stack: 0x000000989ea00000,0x000000989eb00000] [id=11076]
  0x000001aebdf80800 GCTaskThread "GC Thread#1" [stack: 0x000000989fc00000,0x000000989fd00000] [id=14472]
  0x000001aebde63800 GCTaskThread "GC Thread#2" [stack: 0x000000989fd00000,0x000000989fe00000] [id=6352]
  0x000001aebde64800 GCTaskThread "GC Thread#3" [stack: 0x000000989fe00000,0x000000989ff00000] [id=14040]
  0x000001aebde9e000 GCTaskThread "GC Thread#4" [stack: 0x000000989ff00000,0x00000098a0000000] [id=13468]
  0x000001aebdaba800 GCTaskThread "GC Thread#5" [stack: 0x00000098a0000000,0x00000098a0100000] [id=2184]
  0x000001ae99715000 ConcurrentGCThread "G1 Main Marker" [stack: 0x000000989eb00000,0x000000989ec00000] [id=1732]
  0x000001ae99716800 ConcurrentGCThread "G1 Conc#0" [stack: 0x000000989ec00000,0x000000989ed00000] [id=13868]
  0x000001aebdc5f000 ConcurrentGCThread "G1 Conc#1" [stack: 0x00000098a0500000,0x00000098a0600000] [id=2260]
  0x000001aebcd98800 ConcurrentGCThread "G1 Refine#0" [stack: 0x000000989ed00000,0x000000989ee00000] [id=2492]
  0x000001aebcd99800 ConcurrentGCThread "G1 Young RemSet Sampling" [stack: 0x000000989ee00000,0x000000989ef00000] [id=2564]

Threads with active compile tasks:

VM state:not at safepoint (normal execution)

VM Mutex/Monitor currently owned by a thread: None

Heap address: 0x0000000702400000, size: 4060 MB, Compressed Oops mode: Zero based, Oop shift amount: 3
Narrow klass base: 0x0000000800000000, Narrow klass shift: 0
Compressed class space size: 1073741824 Address: 0x0000000800000000

Heap:
 garbage-first heap   total 260096K, used 105577K [0x0000000702400000, 0x0000000800000000)
  region size 1024K, 104 young (106496K), 13 survivors (13312K)
 Metaspace       used 44753K, capacity 45303K, committed 45392K, reserved 1089536K
  class space    used 5411K, capacity 5624K, committed 5632K, reserved 1048576K
Heap Regions: E=young(eden), S=young(survivor), O=old, HS=humongous(starts), HC=humongous(continues), CS=collection set, F=free, A=archive, TAMS=top-at-mark-start (previous, next)
|   0|0x0000000702400000, 0x0000000702500000, 0x0000000702500000|100%|HS|  |TAMS 0x0000000702500000, 0x0000000702400000| Complete 
|   1|0x0000000702500000, 0x0000000702500000, 0x0000000702600000|  0%| F|  |TAMS 0x0000000702500000, 0x0000000702500000| Untracked 
|   2|0x0000000702600000, 0x0000000702600000, 0x0000000702700000|  0%| F|  |TAMS 0x0000000702600000, 0x0000000702600000| Untracked 
|   3|0x0000000702700000, 0x0000000702700000, 0x0000000702800000|  0%| F|  |TAMS 0x0000000702700000, 0x0000000702700000| Untracked 
|   4|0x0000000702800000, 0x0000000702800000, 0x0000000702900000|  0%| F|  |TAMS 0x0000000702800000, 0x0000000702800000| Untracked 
|   5|0x0000000702900000, 0x0000000702900000, 0x0000000702a00000|  0%| F|  |TAMS 0x0000000702900000, 0x0000000702900000| Untracked 
|   6|0x0000000702a00000, 0x0000000702a00000, 0x0000000702b00000|  0%| F|  |TAMS 0x0000000702a00000, 0x0000000702a00000| Untracked 
|   7|0x0000000702b00000, 0x0000000702b00000, 0x0000000702c00000|  0%| F|  |TAMS 0x0000000702b00000, 0x0000000702b00000| Untracked 
|   8|0x0000000702c00000, 0x0000000702c00000, 0x0000000702d00000|  0%| F|  |TAMS 0x0000000702c00000, 0x0000000702c00000| Untracked 
|   9|0x0000000702d00000, 0x0000000702d00000, 0x0000000702e00000|  0%| F|  |TAMS 0x0000000702d00000, 0x0000000702d00000| Untracked 
|  10|0x0000000702e00000, 0x0000000702e00000, 0x0000000702f00000|  0%| F|  |TAMS 0x0000000702e00000, 0x0000000702e00000| Untracked 
|  11|0x0000000702f00000, 0x0000000702f00000, 0x0000000703000000|  0%| F|  |TAMS 0x0000000702f00000, 0x0000000702f00000| Untracked 
|  12|0x0000000703000000, 0x0000000703000000, 0x0000000703100000|  0%| F|  |TAMS 0x0000000703000000, 0x0000000703000000| Untracked 
|  13|0x0000000703100000, 0x0000000703100000, 0x0000000703200000|  0%| F|  |TAMS 0x0000000703100000, 0x0000000703100000| Untracked 
|  14|0x0000000703200000, 0x0000000703200000, 0x0000000703300000|  0%| F|  |TAMS 0x0000000703200000, 0x0000000703200000| Untracked 
|  15|0x0000000703300000, 0x0000000703300000, 0x0000000703400000|  0%| F|  |TAMS 0x0000000703300000, 0x0000000703300000| Untracked 
|  16|0x0000000703400000, 0x0000000703400000, 0x0000000703500000|  0%| F|  |TAMS 0x0000000703400000, 0x0000000703400000| Untracked 
|  17|0x0000000703500000, 0x0000000703500000, 0x0000000703600000|  0%| F|  |TAMS 0x0000000703500000, 0x0000000703500000| Untracked 
|  18|0x0000000703600000, 0x0000000703600000, 0x0000000703700000|  0%| F|  |TAMS 0x0000000703600000, 0x0000000703600000| Untracked 
|  19|0x0000000703700000, 0x0000000703700000, 0x0000000703800000|  0%| F|  |TAMS 0x0000000703700000, 0x0000000703700000| Untracked 
|  20|0x0000000703800000, 0x0000000703800000, 0x0000000703900000|  0%| F|  |TAMS 0x0000000703800000, 0x0000000703800000| Untracked 
|  21|0x0000000703900000, 0x0000000703900000, 0x0000000703a00000|  0%| F|  |TAMS 0x0000000703900000, 0x0000000703900000| Untracked 
|  22|0x0000000703a00000, 0x0000000703a00000, 0x0000000703b00000|  0%| F|  |TAMS 0x0000000703a00000, 0x0000000703a00000| Untracked 
|  23|0x0000000703b00000, 0x0000000703b00000, 0x0000000703c00000|  0%| F|  |TAMS 0x0000000703b00000, 0x0000000703b00000| Untracked 
|  24|0x0000000703c00000, 0x0000000703c00000, 0x0000000703d00000|  0%| F|  |TAMS 0x0000000703c00000, 0x0000000703c00000| Untracked 
|  25|0x0000000703d00000, 0x0000000703d00000, 0x0000000703e00000|  0%| F|  |TAMS 0x0000000703d00000, 0x0000000703d00000| Untracked 
|  26|0x0000000703e00000, 0x0000000703e00000, 0x0000000703f00000|  0%| F|  |TAMS 0x0000000703e00000, 0x0000000703e00000| Untracked 
|  27|0x0000000703f00000, 0x0000000703f00000, 0x0000000704000000|  0%| F|  |TAMS 0x0000000703f00000, 0x0000000703f00000| Untracked 
|  28|0x0000000704000000, 0x0000000704000000, 0x0000000704100000|  0%| F|  |TAMS 0x0000000704000000, 0x0000000704000000| Untracked 
|  29|0x0000000704100000, 0x0000000704100000, 0x0000000704200000|  0%| F|  |TAMS 0x0000000704100000, 0x0000000704100000| Untracked 
|  30|0x0000000704200000, 0x0000000704200000, 0x0000000704300000|  0%| F|  |TAMS 0x0000000704200000, 0x0000000704200000| Untracked 
|  31|0x0000000704300000, 0x0000000704300000, 0x0000000704400000|  0%| F|  |TAMS 0x0000000704300000, 0x0000000704300000| Untracked 
|  32|0x0000000704400000, 0x0000000704400000, 0x0000000704500000|  0%| F|  |TAMS 0x0000000704400000, 0x0000000704400000| Untracked 
|  33|0x0000000704500000, 0x0000000704500000, 0x0000000704600000|  0%| F|  |TAMS 0x0000000704500000, 0x0000000704500000| Untracked 
|  34|0x0000000704600000, 0x0000000704600000, 0x0000000704700000|  0%| F|  |TAMS 0x0000000704600000, 0x0000000704600000| Untracked 
|  35|0x0000000704700000, 0x0000000704700000, 0x0000000704800000|  0%| F|  |TAMS 0x0000000704700000, 0x0000000704700000| Untracked 
|  36|0x0000000704800000, 0x0000000704800000, 0x0000000704900000|  0%| F|  |TAMS 0x0000000704800000, 0x0000000704800000| Untracked 
|  37|0x0000000704900000, 0x0000000704900000, 0x0000000704a00000|  0%| F|  |TAMS 0x0000000704900000, 0x0000000704900000| Untracked 
|  38|0x0000000704a00000, 0x0000000704a00000, 0x0000000704b00000|  0%| F|  |TAMS 0x0000000704a00000, 0x0000000704a00000| Untracked 
|  39|0x0000000704b00000, 0x0000000704b00000, 0x0000000704c00000|  0%| F|  |TAMS 0x0000000704b00000, 0x0000000704b00000| Untracked 
|  40|0x0000000704c00000, 0x0000000704c00000, 0x0000000704d00000|  0%| F|  |TAMS 0x0000000704c00000, 0x0000000704c00000| Untracked 
|  41|0x0000000704d00000, 0x0000000704d00000, 0x0000000704e00000|  0%| F|  |TAMS 0x0000000704d00000, 0x0000000704d00000| Untracked 
|  42|0x0000000704e00000, 0x0000000704e00000, 0x0000000704f00000|  0%| F|  |TAMS 0x0000000704e00000, 0x0000000704e00000| Untracked 
|  43|0x0000000704f00000, 0x0000000704f00000, 0x0000000705000000|  0%| F|  |TAMS 0x0000000704f00000, 0x0000000704f00000| Untracked 
|  44|0x0000000705000000, 0x0000000705000000, 0x0000000705100000|  0%| F|  |TAMS 0x0000000705000000, 0x0000000705000000| Untracked 
|  45|0x0000000705100000, 0x0000000705100000, 0x0000000705200000|  0%| F|  |TAMS 0x0000000705100000, 0x0000000705100000| Untracked 
|  46|0x0000000705200000, 0x0000000705200000, 0x0000000705300000|  0%| F|  |TAMS 0x0000000705200000, 0x0000000705200000| Untracked 
|  47|0x0000000705300000, 0x0000000705300000, 0x0000000705400000|  0%| F|  |TAMS 0x0000000705300000, 0x0000000705300000| Untracked 
|  48|0x0000000705400000, 0x0000000705400000, 0x0000000705500000|  0%| F|  |TAMS 0x0000000705400000, 0x0000000705400000| Untracked 
|  49|0x0000000705500000, 0x0000000705500000, 0x0000000705600000|  0%| F|  |TAMS 0x0000000705500000, 0x0000000705500000| Untracked 
|  50|0x0000000705600000, 0x0000000705600000, 0x0000000705700000|  0%| F|  |TAMS 0x0000000705600000, 0x0000000705600000| Untracked 
|  51|0x0000000705700000, 0x0000000705700000, 0x0000000705800000|  0%| F|  |TAMS 0x0000000705700000, 0x0000000705700000| Untracked 
|  52|0x0000000705800000, 0x0000000705800000, 0x0000000705900000|  0%| F|  |TAMS 0x0000000705800000, 0x0000000705800000| Untracked 
|  53|0x0000000705900000, 0x0000000705900000, 0x0000000705a00000|  0%| F|  |TAMS 0x0000000705900000, 0x0000000705900000| Untracked 
|  54|0x0000000705a00000, 0x0000000705a00000, 0x0000000705b00000|  0%| F|  |TAMS 0x0000000705a00000, 0x0000000705a00000| Untracked 
|  55|0x0000000705b00000, 0x0000000705b00000, 0x0000000705c00000|  0%| F|  |TAMS 0x0000000705b00000, 0x0000000705b00000| Untracked 
|  56|0x0000000705c00000, 0x0000000705c00000, 0x0000000705d00000|  0%| F|  |TAMS 0x0000000705c00000, 0x0000000705c00000| Untracked 
|  57|0x0000000705d00000, 0x0000000705d00000, 0x0000000705e00000|  0%| F|  |TAMS 0x0000000705d00000, 0x0000000705d00000| Untracked 
|  58|0x0000000705e00000, 0x0000000705e00000, 0x0000000705f00000|  0%| F|  |TAMS 0x0000000705e00000, 0x0000000705e00000| Untracked 
|  59|0x0000000705f00000, 0x0000000705f00000, 0x0000000706000000|  0%| F|  |TAMS 0x0000000705f00000, 0x0000000705f00000| Untracked 
|  60|0x0000000706000000, 0x0000000706000000, 0x0000000706100000|  0%| F|  |TAMS 0x0000000706000000, 0x0000000706000000| Untracked 
|  61|0x0000000706100000, 0x0000000706100000, 0x0000000706200000|  0%| F|  |TAMS 0x0000000706100000, 0x0000000706100000| Untracked 
|  62|0x0000000706200000, 0x0000000706200000, 0x0000000706300000|  0%| F|  |TAMS 0x0000000706200000, 0x0000000706200000| Untracked 
|  63|0x0000000706300000, 0x0000000706300000, 0x0000000706400000|  0%| F|  |TAMS 0x0000000706300000, 0x0000000706300000| Untracked 
|  64|0x0000000706400000, 0x0000000706400000, 0x0000000706500000|  0%| F|  |TAMS 0x0000000706400000, 0x0000000706400000| Untracked 
|  65|0x0000000706500000, 0x0000000706500000, 0x0000000706600000|  0%| F|  |TAMS 0x0000000706500000, 0x0000000706500000| Untracked 
|  66|0x0000000706600000, 0x0000000706600000, 0x0000000706700000|  0%| F|  |TAMS 0x0000000706600000, 0x0000000706600000| Untracked 
|  67|0x0000000706700000, 0x0000000706700000, 0x0000000706800000|  0%| F|  |TAMS 0x0000000706700000, 0x0000000706700000| Untracked 
|  68|0x0000000706800000, 0x0000000706800000, 0x0000000706900000|  0%| F|  |TAMS 0x0000000706800000, 0x0000000706800000| Untracked 
|  69|0x0000000706900000, 0x0000000706900000, 0x0000000706a00000|  0%| F|  |TAMS 0x0000000706900000, 0x0000000706900000| Untracked 
|  70|0x0000000706a00000, 0x0000000706a00000, 0x0000000706b00000|  0%| F|  |TAMS 0x0000000706a00000, 0x0000000706a00000| Untracked 
|  71|0x0000000706b00000, 0x0000000706b00000, 0x0000000706c00000|  0%| F|  |TAMS 0x0000000706b00000, 0x0000000706b00000| Untracked 
|  72|0x0000000706c00000, 0x0000000706c00000, 0x0000000706d00000|  0%| F|  |TAMS 0x0000000706c00000, 0x0000000706c00000| Untracked 
|  73|0x0000000706d00000, 0x0000000706d00000, 0x0000000706e00000|  0%| F|  |TAMS 0x0000000706d00000, 0x0000000706d00000| Untracked 
|  74|0x0000000706e00000, 0x0000000706e00000, 0x0000000706f00000|  0%| F|  |TAMS 0x0000000706e00000, 0x0000000706e00000| Untracked 
|  75|0x0000000706f00000, 0x0000000706f00000, 0x0000000707000000|  0%| F|  |TAMS 0x0000000706f00000, 0x0000000706f00000| Untracked 
|  76|0x0000000707000000, 0x0000000707000000, 0x0000000707100000|  0%| F|  |TAMS 0x0000000707000000, 0x0000000707000000| Untracked 
|  77|0x0000000707100000, 0x0000000707100000, 0x0000000707200000|  0%| F|  |TAMS 0x0000000707100000, 0x0000000707100000| Untracked 
|  78|0x0000000707200000, 0x0000000707200000, 0x0000000707300000|  0%| F|  |TAMS 0x0000000707200000, 0x0000000707200000| Untracked 
|  79|0x0000000707300000, 0x0000000707300000, 0x0000000707400000|  0%| F|  |TAMS 0x0000000707300000, 0x0000000707300000| Untracked 
|  80|0x0000000707400000, 0x0000000707400000, 0x0000000707500000|  0%| F|  |TAMS 0x0000000707400000, 0x0000000707400000| Untracked 
|  81|0x0000000707500000, 0x0000000707500000, 0x0000000707600000|  0%| F|  |TAMS 0x0000000707500000, 0x0000000707500000| Untracked 
|  82|0x0000000707600000, 0x0000000707600000, 0x0000000707700000|  0%| F|  |TAMS 0x0000000707600000, 0x0000000707600000| Untracked 
|  83|0x0000000707700000, 0x0000000707700000, 0x0000000707800000|  0%| F|  |TAMS 0x0000000707700000, 0x0000000707700000| Untracked 
|  84|0x0000000707800000, 0x0000000707800000, 0x0000000707900000|  0%| F|  |TAMS 0x0000000707800000, 0x0000000707800000| Untracked 
|  85|0x0000000707900000, 0x0000000707900000, 0x0000000707a00000|  0%| F|  |TAMS 0x0000000707900000, 0x0000000707900000| Untracked 
|  86|0x0000000707a00000, 0x0000000707a00000, 0x0000000707b00000|  0%| F|  |TAMS 0x0000000707a00000, 0x0000000707a00000| Untracked 
|  87|0x0000000707b00000, 0x0000000707b00000, 0x0000000707c00000|  0%| F|  |TAMS 0x0000000707b00000, 0x0000000707b00000| Untracked 
|  88|0x0000000707c00000, 0x0000000707c00000, 0x0000000707d00000|  0%| F|  |TAMS 0x0000000707c00000, 0x0000000707c00000| Untracked 
|  89|0x0000000707d00000, 0x0000000707d00000, 0x0000000707e00000|  0%| F|  |TAMS 0x0000000707d00000, 0x0000000707d00000| Untracked 
|  90|0x0000000707e00000, 0x0000000707e00000, 0x0000000707f00000|  0%| F|  |TAMS 0x0000000707e00000, 0x0000000707e00000| Untracked 
|  91|0x0000000707f00000, 0x0000000707f00000, 0x0000000708000000|  0%| F|  |TAMS 0x0000000707f00000, 0x0000000707f00000| Untracked 
|  92|0x0000000708000000, 0x0000000708000000, 0x0000000708100000|  0%| F|  |TAMS 0x0000000708000000, 0x0000000708000000| Untracked 
|  93|0x0000000708100000, 0x0000000708100000, 0x0000000708200000|  0%| F|  |TAMS 0x0000000708100000, 0x0000000708100000| Untracked 
|  94|0x0000000708200000, 0x0000000708200000, 0x0000000708300000|  0%| F|  |TAMS 0x0000000708200000, 0x0000000708200000| Untracked 
|  95|0x0000000708300000, 0x0000000708300000, 0x0000000708400000|  0%| F|  |TAMS 0x0000000708300000, 0x0000000708300000| Untracked 
|  96|0x0000000708400000, 0x0000000708400000, 0x0000000708500000|  0%| F|  |TAMS 0x0000000708400000, 0x0000000708400000| Untracked 
|  97|0x0000000708500000, 0x0000000708500000, 0x0000000708600000|  0%| F|  |TAMS 0x0000000708500000, 0x0000000708500000| Untracked 
|  98|0x0000000708600000, 0x0000000708600000, 0x0000000708700000|  0%| F|  |TAMS 0x0000000708600000, 0x0000000708600000| Untracked 
|  99|0x0000000708700000, 0x0000000708700000, 0x0000000708800000|  0%| F|  |TAMS 0x0000000708700000, 0x0000000708700000| Untracked 
| 100|0x0000000708800000, 0x0000000708800000, 0x0000000708900000|  0%| F|  |TAMS 0x0000000708800000, 0x0000000708800000| Untracked 
| 101|0x0000000708900000, 0x0000000708900000, 0x0000000708a00000|  0%| F|  |TAMS 0x0000000708900000, 0x0000000708900000| Untracked 
| 102|0x0000000708a00000, 0x0000000708a00000, 0x0000000708b00000|  0%| F|  |TAMS 0x0000000708a00000, 0x0000000708a00000| Untracked 
| 103|0x0000000708b00000, 0x0000000708b00000, 0x0000000708c00000|  0%| F|  |TAMS 0x0000000708b00000, 0x0000000708b00000| Untracked 
| 104|0x0000000708c00000, 0x0000000708c00000, 0x0000000708d00000|  0%| F|  |TAMS 0x0000000708c00000, 0x0000000708c00000| Untracked 
| 105|0x0000000708d00000, 0x0000000708d00000, 0x0000000708e00000|  0%| F|  |TAMS 0x0000000708d00000, 0x0000000708d00000| Untracked 
| 106|0x0000000708e00000, 0x0000000708e00000, 0x0000000708f00000|  0%| F|  |TAMS 0x0000000708e00000, 0x0000000708e00000| Untracked 
| 107|0x0000000708f00000, 0x0000000708f00000, 0x0000000709000000|  0%| F|  |TAMS 0x0000000708f00000, 0x0000000708f00000| Untracked 
| 108|0x0000000709000000, 0x0000000709000000, 0x0000000709100000|  0%| F|  |TAMS 0x0000000709000000, 0x0000000709000000| Untracked 
| 109|0x0000000709100000, 0x0000000709100000, 0x0000000709200000|  0%| F|  |TAMS 0x0000000709100000, 0x0000000709100000| Untracked 
| 110|0x0000000709200000, 0x0000000709200000, 0x0000000709300000|  0%| F|  |TAMS 0x0000000709200000, 0x0000000709200000| Untracked 
| 111|0x0000000709300000, 0x000000070931a728, 0x0000000709400000| 10%| S|CS|TAMS 0x0000000709300000, 0x0000000709300000| Complete 
| 112|0x0000000709400000, 0x0000000709500000, 0x0000000709500000|100%| S|CS|TAMS 0x0000000709400000, 0x0000000709400000| Complete 
| 113|0x0000000709500000, 0x0000000709600000, 0x0000000709600000|100%| S|CS|TAMS 0x0000000709500000, 0x0000000709500000| Complete 
| 114|0x0000000709600000, 0x0000000709700000, 0x0000000709700000|100%| S|CS|TAMS 0x0000000709600000, 0x0000000709600000| Complete 
| 115|0x0000000709700000, 0x0000000709800000, 0x0000000709800000|100%| S|CS|TAMS 0x0000000709700000, 0x0000000709700000| Complete 
| 116|0x0000000709800000, 0x0000000709900000, 0x0000000709900000|100%| S|CS|TAMS 0x0000000709800000, 0x0000000709800000| Complete 
| 117|0x0000000709900000, 0x0000000709a00000, 0x0000000709a00000|100%| S|CS|TAMS 0x0000000709900000, 0x0000000709900000| Complete 
| 118|0x0000000709a00000, 0x0000000709b00000, 0x0000000709b00000|100%| S|CS|TAMS 0x0000000709a00000, 0x0000000709a00000| Complete 
| 119|0x0000000709b00000, 0x0000000709c00000, 0x0000000709c00000|100%| S|CS|TAMS 0x0000000709b00000, 0x0000000709b00000| Complete 
| 120|0x0000000709c00000, 0x0000000709d00000, 0x0000000709d00000|100%| S|CS|TAMS 0x0000000709c00000, 0x0000000709c00000| Complete 
| 121|0x0000000709d00000, 0x0000000709e00000, 0x0000000709e00000|100%| S|CS|TAMS 0x0000000709d00000, 0x0000000709d00000| Complete 
| 122|0x0000000709e00000, 0x0000000709f00000, 0x0000000709f00000|100%| S|CS|TAMS 0x0000000709e00000, 0x0000000709e00000| Complete 
| 123|0x0000000709f00000, 0x000000070a000000, 0x000000070a000000|100%| S|CS|TAMS 0x0000000709f00000, 0x0000000709f00000| Complete 
| 124|0x000000070a000000, 0x000000070a000000, 0x000000070a100000|  0%| F|  |TAMS 0x000000070a000000, 0x000000070a000000| Untracked 
| 125|0x000000070a100000, 0x000000070a100000, 0x000000070a200000|  0%| F|  |TAMS 0x000000070a100000, 0x000000070a100000| Untracked 
| 126|0x000000070a200000, 0x000000070a200000, 0x000000070a300000|  0%| F|  |TAMS 0x000000070a200000, 0x000000070a200000| Untracked 
| 127|0x000000070a300000, 0x000000070a300000, 0x000000070a400000|  0%| F|  |TAMS 0x000000070a300000, 0x000000070a300000| Untracked 
| 128|0x000000070a400000, 0x000000070a400000, 0x000000070a500000|  0%| F|  |TAMS 0x000000070a400000, 0x000000070a400000| Untracked 
| 129|0x000000070a500000, 0x000000070a500000, 0x000000070a600000|  0%| F|  |TAMS 0x000000070a500000, 0x000000070a500000| Untracked 
| 130|0x000000070a600000, 0x000000070a600000, 0x000000070a700000|  0%| F|  |TAMS 0x000000070a600000, 0x000000070a600000| Untracked 
| 131|0x000000070a700000, 0x000000070a700000, 0x000000070a800000|  0%| F|  |TAMS 0x000000070a700000, 0x000000070a700000| Untracked 
| 132|0x000000070a800000, 0x000000070a800000, 0x000000070a900000|  0%| F|  |TAMS 0x000000070a800000, 0x000000070a800000| Untracked 
| 133|0x000000070a900000, 0x000000070a900000, 0x000000070aa00000|  0%| F|  |TAMS 0x000000070a900000, 0x000000070a900000| Untracked 
| 134|0x000000070aa00000, 0x000000070aa00000, 0x000000070ab00000|  0%| F|  |TAMS 0x000000070aa00000, 0x000000070aa00000| Untracked 
| 135|0x000000070ab00000, 0x000000070ab00000, 0x000000070ac00000|  0%| F|  |TAMS 0x000000070ab00000, 0x000000070ab00000| Untracked 
| 136|0x000000070ac00000, 0x000000070ac00000, 0x000000070ad00000|  0%| F|  |TAMS 0x000000070ac00000, 0x000000070ac00000| Untracked 
| 137|0x000000070ad00000, 0x000000070ad00000, 0x000000070ae00000|  0%| F|  |TAMS 0x000000070ad00000, 0x000000070ad00000| Untracked 
| 138|0x000000070ae00000, 0x000000070ae00000, 0x000000070af00000|  0%| F|  |TAMS 0x000000070ae00000, 0x000000070ae00000| Untracked 
| 139|0x000000070af00000, 0x000000070af00000, 0x000000070b000000|  0%| F|  |TAMS 0x000000070af00000, 0x000000070af00000| Untracked 
| 140|0x000000070b000000, 0x000000070b000000, 0x000000070b100000|  0%| F|  |TAMS 0x000000070b000000, 0x000000070b000000| Untracked 
| 141|0x000000070b100000, 0x000000070b100000, 0x000000070b200000|  0%| F|  |TAMS 0x000000070b100000, 0x000000070b100000| Untracked 
| 142|0x000000070b200000, 0x000000070b200000, 0x000000070b300000|  0%| F|  |TAMS 0x000000070b200000, 0x000000070b200000| Untracked 
| 143|0x000000070b300000, 0x000000070b300000, 0x000000070b400000|  0%| F|  |TAMS 0x000000070b300000, 0x000000070b300000| Untracked 
| 144|0x000000070b400000, 0x000000070b400000, 0x000000070b500000|  0%| F|  |TAMS 0x000000070b400000, 0x000000070b400000| Untracked 
| 145|0x000000070b500000, 0x000000070b500000, 0x000000070b600000|  0%| F|  |TAMS 0x000000070b500000, 0x000000070b500000| Untracked 
| 146|0x000000070b600000, 0x000000070b600000, 0x000000070b700000|  0%| F|  |TAMS 0x000000070b600000, 0x000000070b600000| Untracked 
| 147|0x000000070b700000, 0x000000070b700000, 0x000000070b800000|  0%| F|  |TAMS 0x000000070b700000, 0x000000070b700000| Untracked 
| 148|0x000000070b800000, 0x000000070b800000, 0x000000070b900000|  0%| F|  |TAMS 0x000000070b800000, 0x000000070b800000| Untracked 
| 149|0x000000070b900000, 0x000000070b900000, 0x000000070ba00000|  0%| F|  |TAMS 0x000000070b900000, 0x000000070b900000| Untracked 
| 150|0x000000070ba00000, 0x000000070ba00000, 0x000000070bb00000|  0%| F|  |TAMS 0x000000070ba00000, 0x000000070ba00000| Untracked 
| 151|0x000000070bb00000, 0x000000070bb00000, 0x000000070bc00000|  0%| F|  |TAMS 0x000000070bb00000, 0x000000070bb00000| Untracked 
| 152|0x000000070bc00000, 0x000000070bc00000, 0x000000070bd00000|  0%| F|  |TAMS 0x000000070bc00000, 0x000000070bc00000| Untracked 
| 153|0x000000070bd00000, 0x000000070bd00000, 0x000000070be00000|  0%| F|  |TAMS 0x000000070bd00000, 0x000000070bd00000| Untracked 
| 154|0x000000070be00000, 0x000000070be00000, 0x000000070bf00000|  0%| F|  |TAMS 0x000000070be00000, 0x000000070be00000| Untracked 
| 155|0x000000070bf00000, 0x000000070bf00000, 0x000000070c000000|  0%| F|  |TAMS 0x000000070bf00000, 0x000000070bf00000| Untracked 
| 156|0x000000070c000000, 0x000000070c000000, 0x000000070c100000|  0%| F|  |TAMS 0x000000070c000000, 0x000000070c000000| Untracked 
| 157|0x000000070c100000, 0x000000070c100000, 0x000000070c200000|  0%| F|  |TAMS 0x000000070c100000, 0x000000070c100000| Untracked 
| 158|0x000000070c200000, 0x000000070c200000, 0x000000070c300000|  0%| F|  |TAMS 0x000000070c200000, 0x000000070c200000| Untracked 
| 159|0x000000070c300000, 0x000000070c300000, 0x000000070c400000|  0%| F|  |TAMS 0x000000070c300000, 0x000000070c300000| Untracked 
| 160|0x000000070c400000, 0x000000070c400000, 0x000000070c500000|  0%| F|  |TAMS 0x000000070c400000, 0x000000070c400000| Untracked 
| 161|0x000000070c500000, 0x000000070c500000, 0x000000070c600000|  0%| F|  |TAMS 0x000000070c500000, 0x000000070c500000| Untracked 
| 162|0x000000070c600000, 0x000000070c600000, 0x000000070c700000|  0%| F|  |TAMS 0x000000070c600000, 0x000000070c600000| Untracked 
| 163|0x000000070c700000, 0x000000070c7468f0, 0x000000070c800000| 27%| E|  |TAMS 0x000000070c700000, 0x000000070c700000| Complete 
| 164|0x000000070c800000, 0x000000070c900000, 0x000000070c900000|100%| E|CS|TAMS 0x000000070c800000, 0x000000070c800000| Complete 
| 165|0x000000070c900000, 0x000000070ca00000, 0x000000070ca00000|100%| E|CS|TAMS 0x000000070c900000, 0x000000070c900000| Complete 
| 166|0x000000070ca00000, 0x000000070cb00000, 0x000000070cb00000|100%| E|CS|TAMS 0x000000070ca00000, 0x000000070ca00000| Complete 
| 167|0x000000070cb00000, 0x000000070cc00000, 0x000000070cc00000|100%| E|CS|TAMS 0x000000070cb00000, 0x000000070cb00000| Complete 
| 168|0x000000070cc00000, 0x000000070cd00000, 0x000000070cd00000|100%| E|CS|TAMS 0x000000070cc00000, 0x000000070cc00000| Complete 
| 169|0x000000070cd00000, 0x000000070ce00000, 0x000000070ce00000|100%| E|CS|TAMS 0x000000070cd00000, 0x000000070cd00000| Complete 
| 170|0x000000070ce00000, 0x000000070cf00000, 0x000000070cf00000|100%| E|CS|TAMS 0x000000070ce00000, 0x000000070ce00000| Complete 
| 171|0x000000070cf00000, 0x000000070d000000, 0x000000070d000000|100%| E|CS|TAMS 0x000000070cf00000, 0x000000070cf00000| Complete 
| 172|0x000000070d000000, 0x000000070d100000, 0x000000070d100000|100%| E|CS|TAMS 0x000000070d000000, 0x000000070d000000| Complete 
| 173|0x000000070d100000, 0x000000070d200000, 0x000000070d200000|100%| E|CS|TAMS 0x000000070d100000, 0x000000070d100000| Complete 
| 174|0x000000070d200000, 0x000000070d300000, 0x000000070d300000|100%| E|CS|TAMS 0x000000070d200000, 0x000000070d200000| Complete 
| 175|0x000000070d300000, 0x000000070d400000, 0x000000070d400000|100%| E|CS|TAMS 0x000000070d300000, 0x000000070d300000| Complete 
| 176|0x000000070d400000, 0x000000070d500000, 0x000000070d500000|100%| E|CS|TAMS 0x000000070d400000, 0x000000070d400000| Complete 
| 177|0x000000070d500000, 0x000000070d600000, 0x000000070d600000|100%| E|CS|TAMS 0x000000070d500000, 0x000000070d500000| Complete 
| 178|0x000000070d600000, 0x000000070d700000, 0x000000070d700000|100%| E|CS|TAMS 0x000000070d600000, 0x000000070d600000| Complete 
| 179|0x000000070d700000, 0x000000070d800000, 0x000000070d800000|100%| E|CS|TAMS 0x000000070d700000, 0x000000070d700000| Complete 
| 180|0x000000070d800000, 0x000000070d900000, 0x000000070d900000|100%| E|CS|TAMS 0x000000070d800000, 0x000000070d800000| Complete 
| 181|0x000000070d900000, 0x000000070da00000, 0x000000070da00000|100%| E|CS|TAMS 0x000000070d900000, 0x000000070d900000| Complete 
| 182|0x000000070da00000, 0x000000070db00000, 0x000000070db00000|100%| E|CS|TAMS 0x000000070da00000, 0x000000070da00000| Complete 
| 183|0x000000070db00000, 0x000000070dc00000, 0x000000070dc00000|100%| E|CS|TAMS 0x000000070db00000, 0x000000070db00000| Complete 
| 184|0x000000070dc00000, 0x000000070dd00000, 0x000000070dd00000|100%| E|CS|TAMS 0x000000070dc00000, 0x000000070dc00000| Complete 
| 185|0x000000070dd00000, 0x000000070de00000, 0x000000070de00000|100%| E|CS|TAMS 0x000000070dd00000, 0x000000070dd00000| Complete 
| 186|0x000000070de00000, 0x000000070df00000, 0x000000070df00000|100%| E|CS|TAMS 0x000000070de00000, 0x000000070de00000| Complete 
| 187|0x000000070df00000, 0x000000070e000000, 0x000000070e000000|100%| E|CS|TAMS 0x000000070df00000, 0x000000070df00000| Complete 
| 188|0x000000070e000000, 0x000000070e100000, 0x000000070e100000|100%| E|CS|TAMS 0x000000070e000000, 0x000000070e000000| Complete 
| 189|0x000000070e100000, 0x000000070e200000, 0x000000070e200000|100%| E|CS|TAMS 0x000000070e100000, 0x000000070e100000| Complete 
| 190|0x000000070e200000, 0x000000070e300000, 0x000000070e300000|100%| E|CS|TAMS 0x000000070e200000, 0x000000070e200000| Complete 
| 191|0x000000070e300000, 0x000000070e400000, 0x000000070e400000|100%| E|CS|TAMS 0x000000070e300000, 0x000000070e300000| Complete 
| 192|0x000000070e400000, 0x000000070e500000, 0x000000070e500000|100%| E|CS|TAMS 0x000000070e400000, 0x000000070e400000| Complete 
| 193|0x000000070e500000, 0x000000070e600000, 0x000000070e600000|100%| E|CS|TAMS 0x000000070e500000, 0x000000070e500000| Complete 
| 194|0x000000070e600000, 0x000000070e700000, 0x000000070e700000|100%| E|CS|TAMS 0x000000070e600000, 0x000000070e600000| Complete 
| 195|0x000000070e700000, 0x000000070e800000, 0x000000070e800000|100%| E|CS|TAMS 0x000000070e700000, 0x000000070e700000| Complete 
| 196|0x000000070e800000, 0x000000070e900000, 0x000000070e900000|100%| E|CS|TAMS 0x000000070e800000, 0x000000070e800000| Complete 
| 197|0x000000070e900000, 0x000000070ea00000, 0x000000070ea00000|100%| E|CS|TAMS 0x000000070e900000, 0x000000070e900000| Complete 
| 198|0x000000070ea00000, 0x000000070eb00000, 0x000000070eb00000|100%| E|CS|TAMS 0x000000070ea00000, 0x000000070ea00000| Complete 
| 199|0x000000070eb00000, 0x000000070ec00000, 0x000000070ec00000|100%| E|CS|TAMS 0x000000070eb00000, 0x000000070eb00000| Complete 
| 200|0x000000070ec00000, 0x000000070ed00000, 0x000000070ed00000|100%| E|CS|TAMS 0x000000070ec00000, 0x000000070ec00000| Complete 
| 201|0x000000070ed00000, 0x000000070ee00000, 0x000000070ee00000|100%| E|CS|TAMS 0x000000070ed00000, 0x000000070ed00000| Complete 
| 202|0x000000070ee00000, 0x000000070ef00000, 0x000000070ef00000|100%| E|CS|TAMS 0x000000070ee00000, 0x000000070ee00000| Complete 
| 203|0x000000070ef00000, 0x000000070f000000, 0x000000070f000000|100%| E|CS|TAMS 0x000000070ef00000, 0x000000070ef00000| Complete 
| 204|0x000000070f000000, 0x000000070f100000, 0x000000070f100000|100%| E|CS|TAMS 0x000000070f000000, 0x000000070f000000| Complete 
| 205|0x000000070f100000, 0x000000070f200000, 0x000000070f200000|100%| E|CS|TAMS 0x000000070f100000, 0x000000070f100000| Complete 
| 206|0x000000070f200000, 0x000000070f300000, 0x000000070f300000|100%| E|CS|TAMS 0x000000070f200000, 0x000000070f200000| Complete 
| 207|0x000000070f300000, 0x000000070f400000, 0x000000070f400000|100%| E|CS|TAMS 0x000000070f300000, 0x000000070f300000| Complete 
| 208|0x000000070f400000, 0x000000070f500000, 0x000000070f500000|100%| E|CS|TAMS 0x000000070f400000, 0x000000070f400000| Complete 
| 209|0x000000070f500000, 0x000000070f600000, 0x000000070f600000|100%| E|CS|TAMS 0x000000070f500000, 0x000000070f500000| Complete 
| 210|0x000000070f600000, 0x000000070f700000, 0x000000070f700000|100%| E|CS|TAMS 0x000000070f600000, 0x000000070f600000| Complete 
| 211|0x000000070f700000, 0x000000070f800000, 0x000000070f800000|100%| E|CS|TAMS 0x000000070f700000, 0x000000070f700000| Complete 
| 212|0x000000070f800000, 0x000000070f900000, 0x000000070f900000|100%| E|CS|TAMS 0x000000070f800000, 0x000000070f800000| Complete 
| 213|0x000000070f900000, 0x000000070fa00000, 0x000000070fa00000|100%| E|CS|TAMS 0x000000070f900000, 0x000000070f900000| Complete 
| 214|0x000000070fa00000, 0x000000070fb00000, 0x000000070fb00000|100%| E|CS|TAMS 0x000000070fa00000, 0x000000070fa00000| Complete 
| 215|0x000000070fb00000, 0x000000070fc00000, 0x000000070fc00000|100%| E|CS|TAMS 0x000000070fb00000, 0x000000070fb00000| Complete 
| 216|0x000000070fc00000, 0x000000070fd00000, 0x000000070fd00000|100%| E|CS|TAMS 0x000000070fc00000, 0x000000070fc00000| Complete 
| 217|0x000000070fd00000, 0x000000070fe00000, 0x000000070fe00000|100%| E|CS|TAMS 0x000000070fd00000, 0x000000070fd00000| Complete 
| 218|0x000000070fe00000, 0x000000070ff00000, 0x000000070ff00000|100%| E|CS|TAMS 0x000000070fe00000, 0x000000070fe00000| Complete 
| 219|0x000000070ff00000, 0x0000000710000000, 0x0000000710000000|100%| E|CS|TAMS 0x000000070ff00000, 0x000000070ff00000| Complete 
| 220|0x0000000710000000, 0x0000000710100000, 0x0000000710100000|100%| E|CS|TAMS 0x0000000710000000, 0x0000000710000000| Complete 
| 221|0x0000000710100000, 0x0000000710200000, 0x0000000710200000|100%| E|CS|TAMS 0x0000000710100000, 0x0000000710100000| Complete 
| 222|0x0000000710200000, 0x0000000710300000, 0x0000000710300000|100%| E|CS|TAMS 0x0000000710200000, 0x0000000710200000| Complete 
| 223|0x0000000710300000, 0x0000000710400000, 0x0000000710400000|100%| E|CS|TAMS 0x0000000710300000, 0x0000000710300000| Complete 
| 224|0x0000000710400000, 0x0000000710500000, 0x0000000710500000|100%| E|CS|TAMS 0x0000000710400000, 0x0000000710400000| Complete 
| 225|0x0000000710500000, 0x0000000710600000, 0x0000000710600000|100%| E|CS|TAMS 0x0000000710500000, 0x0000000710500000| Complete 
| 226|0x0000000710600000, 0x0000000710700000, 0x0000000710700000|100%| E|CS|TAMS 0x0000000710600000, 0x0000000710600000| Complete 
| 227|0x0000000710700000, 0x0000000710800000, 0x0000000710800000|100%| E|CS|TAMS 0x0000000710700000, 0x0000000710700000| Complete 
| 228|0x0000000710800000, 0x0000000710900000, 0x0000000710900000|100%| E|CS|TAMS 0x0000000710800000, 0x0000000710800000| Complete 
| 229|0x0000000710900000, 0x0000000710a00000, 0x0000000710a00000|100%| E|CS|TAMS 0x0000000710900000, 0x0000000710900000| Complete 
| 230|0x0000000710a00000, 0x0000000710b00000, 0x0000000710b00000|100%| E|CS|TAMS 0x0000000710a00000, 0x0000000710a00000| Complete 
| 231|0x0000000710b00000, 0x0000000710c00000, 0x0000000710c00000|100%| E|CS|TAMS 0x0000000710b00000, 0x0000000710b00000| Complete 
| 232|0x0000000710c00000, 0x0000000710d00000, 0x0000000710d00000|100%| E|CS|TAMS 0x0000000710c00000, 0x0000000710c00000| Complete 
| 233|0x0000000710d00000, 0x0000000710e00000, 0x0000000710e00000|100%| E|CS|TAMS 0x0000000710d00000, 0x0000000710d00000| Complete 
| 234|0x0000000710e00000, 0x0000000710f00000, 0x0000000710f00000|100%| E|CS|TAMS 0x0000000710e00000, 0x0000000710e00000| Complete 
| 235|0x0000000710f00000, 0x0000000711000000, 0x0000000711000000|100%| E|CS|TAMS 0x0000000710f00000, 0x0000000710f00000| Complete 
| 236|0x0000000711000000, 0x0000000711100000, 0x0000000711100000|100%| E|CS|TAMS 0x0000000711000000, 0x0000000711000000| Complete 
| 237|0x0000000711100000, 0x0000000711200000, 0x0000000711200000|100%| E|CS|TAMS 0x0000000711100000, 0x0000000711100000| Complete 
| 238|0x0000000711200000, 0x0000000711300000, 0x0000000711300000|100%| E|CS|TAMS 0x0000000711200000, 0x0000000711200000| Complete 
| 239|0x0000000711300000, 0x0000000711400000, 0x0000000711400000|100%| E|CS|TAMS 0x0000000711300000, 0x0000000711300000| Complete 
| 240|0x0000000711400000, 0x0000000711500000, 0x0000000711500000|100%| E|CS|TAMS 0x0000000711400000, 0x0000000711400000| Complete 
| 241|0x0000000711500000, 0x0000000711600000, 0x0000000711600000|100%| E|CS|TAMS 0x0000000711500000, 0x0000000711500000| Complete 
| 242|0x0000000711600000, 0x0000000711700000, 0x0000000711700000|100%| E|CS|TAMS 0x0000000711600000, 0x0000000711600000| Complete 
| 243|0x0000000711700000, 0x0000000711800000, 0x0000000711800000|100%| E|CS|TAMS 0x0000000711700000, 0x0000000711700000| Complete 
| 244|0x0000000711800000, 0x0000000711900000, 0x0000000711900000|100%| E|CS|TAMS 0x0000000711800000, 0x0000000711800000| Complete 
| 245|0x0000000711900000, 0x0000000711a00000, 0x0000000711a00000|100%| E|CS|TAMS 0x0000000711900000, 0x0000000711900000| Complete 
| 246|0x0000000711a00000, 0x0000000711b00000, 0x0000000711b00000|100%| E|CS|TAMS 0x0000000711a00000, 0x0000000711a00000| Complete 
| 247|0x0000000711b00000, 0x0000000711c00000, 0x0000000711c00000|100%| E|CS|TAMS 0x0000000711b00000, 0x0000000711b00000| Complete 
| 248|0x0000000711c00000, 0x0000000711d00000, 0x0000000711d00000|100%| E|CS|TAMS 0x0000000711c00000, 0x0000000711c00000| Complete 
| 249|0x0000000711d00000, 0x0000000711e00000, 0x0000000711e00000|100%| E|CS|TAMS 0x0000000711d00000, 0x0000000711d00000| Complete 
| 250|0x0000000711e00000, 0x0000000711f00000, 0x0000000711f00000|100%| E|CS|TAMS 0x0000000711e00000, 0x0000000711e00000| Complete 
| 251|0x0000000711f00000, 0x0000000712000000, 0x0000000712000000|100%| E|CS|TAMS 0x0000000711f00000, 0x0000000711f00000| Complete 
| 252|0x0000000712000000, 0x0000000712100000, 0x0000000712100000|100%| E|CS|TAMS 0x0000000712000000, 0x0000000712000000| Complete 
| 253|0x0000000712100000, 0x0000000712200000, 0x0000000712200000|100%| E|CS|TAMS 0x0000000712100000, 0x0000000712100000| Complete 

Card table byte_map: [0x000001aeb1690000,0x000001aeb1e80000] _byte_map_base: 0x000001aeade7e000

Marking Bits (Prev, Next): (CMBitMap*) 0x000001ae99704748, (CMBitMap*) 0x000001ae99704780
 Prev Bits: [0x000001aeb2670000, 0x000001aeb65e0000)
 Next Bits: [0x000001aeb65e0000, 0x000001aeba550000)

Polling page: 0x000001ae97690000

Metaspace:

Usage:
  Non-class:     38.75 MB capacity,    38.42 MB (>99%) used,   265.38 KB ( <1%) free+waste,    71.31 KB ( <1%) overhead. 
      Class:      5.49 MB capacity,     5.28 MB ( 96%) used,   182.05 KB (  3%) free+waste,    30.38 KB ( <1%) overhead. 
       Both:     44.24 MB capacity,    43.70 MB ( 99%) used,   447.43 KB ( <1%) free+waste,   101.69 KB ( <1%) overhead. 

Virtual space:
  Non-class space:       40.00 MB reserved,      38.83 MB ( 97%) committed 
      Class space:        1.00 GB reserved,       5.50 MB ( <1%) committed 
             Both:        1.04 GB reserved,      44.33 MB (  4%) committed 

Chunk freelists:
   Non-Class:  17.00 KB
       Class:  8.00 KB
        Both:  25.00 KB

MaxMetaspaceSize: 17179869184.00 GB
CompressedClassSpaceSize: 1.00 GB

CodeHeap 'non-profiled nmethods': size=120064Kb used=1673Kb max_used=1673Kb free=118390Kb
 bounds [0x000001aea9850000, 0x000001aea9ac0000, 0x000001aeb0d90000]
CodeHeap 'profiled nmethods': size=120000Kb used=6969Kb max_used=6969Kb free=113030Kb
 bounds [0x000001aea2320000, 0x000001aea29f0000, 0x000001aea9850000]
CodeHeap 'non-nmethods': size=5696Kb used=1219Kb max_used=1247Kb free=4476Kb
 bounds [0x000001aea1d90000, 0x000001aea2000000, 0x000001aea2320000]
 total_blobs=4089 nmethods=3509 adapters=491
 compilation: enabled
              stopped_count=0, restarted_count=0
 full_count=0

Compilation events (20 events):
Event: 146.487 Thread 0x000001aebd824800 nmethod 3505 0x000001aea29ecd90 code [0x000001aea29ecf80, 0x000001aea29ed688]
Event: 146.487 Thread 0x000001aebd824800 3506       1       org.hibernate.persister.collection.AbstractCollectionPersister::getFactory (5 bytes)
Event: 146.487 Thread 0x000001aebd824800 nmethod 3506 0x000001aea99e6390 code [0x000001aea99e6540, 0x000001aea99e65f8]
Event: 146.520 Thread 0x000001aebd7c6000 nmethod 3483 0x000001aea99e6690 code [0x000001aea99e6960, 0x000001aea99e87c0]
Event: 146.520 Thread 0x000001aebd7c6000 3484       4       org.postgresql.jdbc.PgResultSet::findColumnIndex (161 bytes)
Event: 146.554 Thread 0x000001aebd7c6000 nmethod 3484 0x000001aea99e9b10 code [0x000001aea99e9de0, 0x000001aea99ebc80]
Event: 146.554 Thread 0x000001aebd7c6000 3493       4       org.postgresql.core.v3.SimpleParameterList::getParameterCount (6 bytes)
Event: 146.554 Thread 0x000001aebd7c6000 nmethod 3493 0x000001aea99ecf10 code [0x000001aea99ed0a0, 0x000001aea99ed118]
Event: 157.967 Thread 0x000001aebd824800 3507       3       org.postgresql.core.PGStream::send (9 bytes)
Event: 157.967 Thread 0x000001aebd824800 nmethod 3507 0x000001aea29ed790 code [0x000001aea29ed940, 0x000001aea29edb08]
Event: 157.970 Thread 0x000001aebd7c6000 3508   !   4       com.sun.crypto.provider.PBKDF2KeyImpl::deriveKey (295 bytes)
Event: 157.974 Thread 0x000001aebd824800 3509       3       java.lang.StringBuffer::<init> (7 bytes)
Event: 157.974 Thread 0x000001aebd824800 nmethod 3509 0x000001aea29edc10 code [0x000001aea29eddc0, 0x000001aea29edee8]
Event: 158.011 Thread 0x000001aebd7c6000 nmethod 3508 0x000001aea99ed190 code [0x000001aea99ed480, 0x000001aea99f03e8]
Event: 167.552 Thread 0x000001aebd824800 3511       3       java.lang.reflect.Method::setMethodAccessor (21 bytes)
Event: 167.552 Thread 0x000001aebd7c6000 3512       4       java.util.concurrent.ConcurrentHashMap$Traverser::advance (188 bytes)
Event: 167.552 Thread 0x000001aebd824800 nmethod 3511 0x000001aea29edf90 code [0x000001aea29ee160, 0x000001aea29ee448]
Event: 167.552 Thread 0x000001aebd824800 3510       1       jdk.internal.reflect.NativeMethodAccessorImpl::setParent (6 bytes)
Event: 167.552 Thread 0x000001aebd824800 nmethod 3510 0x000001aea99f1d90 code [0x000001aea99f1f40, 0x000001aea99f2058]
Event: 167.556 Thread 0x000001aebd7c6000 nmethod 3512 0x000001aea99f2110 code [0x000001aea99f22a0, 0x000001aea99f2598]

GC Heap History (6 events):
Event: 0.248 GC heap before
{Heap before GC invocations=0 (full 0):
 garbage-first heap   total 260096K, used 22528K [0x0000000702400000, 0x0000000800000000)
  region size 1024K, 22 young (22528K), 0 survivors (0K)
 Metaspace       used 7193K, capacity 7311K, committed 7424K, reserved 1056768K
  class space    used 629K, capacity 670K, committed 768K, reserved 1048576K
}
Event: 0.252 GC heap after
{Heap after GC invocations=1 (full 0):
 garbage-first heap   total 260096K, used 3669K [0x0000000702400000, 0x0000000800000000)
  region size 1024K, 3 young (3072K), 3 survivors (3072K)
 Metaspace       used 7193K, capacity 7311K, committed 7424K, reserved 1056768K
  class space    used 629K, capacity 670K, committed 768K, reserved 1048576K
}
Event: 7.098 GC heap before
{Heap before GC invocations=1 (full 0):
 garbage-first heap   total 260096K, used 121429K [0x0000000702400000, 0x0000000800000000)
  region size 1024K, 120 young (122880K), 3 survivors (3072K)
 Metaspace       used 20824K, capacity 21141K, committed 21296K, reserved 1069056K
  class space    used 2222K, capacity 2335K, committed 2432K, reserved 1048576K
}
Event: 7.104 GC heap after
{Heap after GC invocations=2 (full 0):
 garbage-first heap   total 260096K, used 7018K [0x0000000702400000, 0x0000000800000000)
  region size 1024K, 6 young (6144K), 6 survivors (6144K)
 Metaspace       used 20824K, capacity 21141K, committed 21296K, reserved 1069056K
  class space    used 2222K, capacity 2335K, committed 2432K, reserved 1048576K
}
Event: 8.234 GC heap before
{Heap before GC invocations=3 (full 0):
 garbage-first heap   total 260096K, used 132970K [0x0000000702400000, 0x0000000800000000)
  region size 1024K, 130 young (133120K), 6 survivors (6144K)
 Metaspace       used 35428K, capacity 35812K, committed 35920K, reserved 1081344K
  class space    used 4187K, capacity 4335K, committed 4352K, reserved 1048576K
}
Event: 8.245 GC heap after
{Heap after GC invocations=4 (full 0):
 garbage-first heap   total 260096K, used 13417K [0x0000000702400000, 0x0000000800000000)
  region size 1024K, 13 young (13312K), 13 survivors (13312K)
 Metaspace       used 35428K, capacity 35812K, committed 35920K, reserved 1081344K
  class space    used 4187K, capacity 4335K, committed 4352K, reserved 1048576K
}

Deoptimization events (20 events):
Event: 8.619 Thread 0x000001ae9969f800 DEOPT PACKING pc=0x000001aea9958ca8 sp=0x000000989e9f9840
Event: 8.619 Thread 0x000001ae9969f800 DEOPT UNPACKING pc=0x000001aea1db7b2f sp=0x000000989e9f9800 mode 2
Event: 37.369 Thread 0x000001ae9969f800 Uncommon trap: trap_request=0xffffffcc fr.pc=0x000001aea99b3470 relative=0x00000000000002b0
Event: 37.369 Thread 0x000001ae9969f800 Uncommon trap: reason=intrinsic_or_type_checked_inlining action=make_not_entrant pc=0x000001aea99b3470 method=java.util.Arrays.copyOf([Ljava/lang/Object;ILjava/lang/Class;)[Ljava/lang/Object; @ 35 c2
Event: 37.369 Thread 0x000001ae9969f800 DEOPT PACKING pc=0x000001aea99b3470 sp=0x000000989e9fa2c0
Event: 37.369 Thread 0x000001ae9969f800 DEOPT UNPACKING pc=0x000001aea1db7b2f sp=0x000000989e9fa268 mode 2
Event: 48.857 Thread 0x000001ae9969f800 Uncommon trap: trap_request=0xffffff4d fr.pc=0x000001aea9959e7c relative=0x00000000000001dc
Event: 48.857 Thread 0x000001ae9969f800 Uncommon trap: reason=unstable_if action=reinterpret pc=0x000001aea9959e7c method=java.lang.StringCoding.encodeUTF8(B[BZ)[B @ 2 c2
Event: 48.857 Thread 0x000001ae9969f800 DEOPT PACKING pc=0x000001aea9959e7c sp=0x000000989e9f8c40
Event: 48.857 Thread 0x000001ae9969f800 DEOPT UNPACKING pc=0x000001aea1db7b2f sp=0x000000989e9f8bd0 mode 2
Event: 116.415 Thread 0x000001ae9969f800 DEOPT PACKING pc=0x000001aea2968356 sp=0x000000989e9fa280
Event: 116.415 Thread 0x000001ae9969f800 DEOPT UNPACKING pc=0x000001aea1db794e sp=0x000000989e9f97e8 mode 0
Event: 123.743 Thread 0x000001ae9969f800 DEOPT PACKING pc=0x000001aea29732cb sp=0x000000989e9f9fa0
Event: 123.743 Thread 0x000001ae9969f800 DEOPT UNPACKING pc=0x000001aea1db794e sp=0x000000989e9f94f0 mode 0
Event: 123.743 Thread 0x000001ae9969f800 Uncommon trap: trap_request=0xfffffff4 fr.pc=0x000001aea99c4fac relative=0x0000000000003f2c
Event: 123.743 Thread 0x000001ae9969f800 Uncommon trap: reason=null_check action=make_not_entrant pc=0x000001aea99c4fac method=com.trolltech.qt.internal.QtJambiInternal.isSignal(Ljava/lang/Class;)Z @ 4 c2
Event: 123.743 Thread 0x000001ae9969f800 DEOPT PACKING pc=0x000001aea99c4fac sp=0x000000989e9f9fd0
Event: 123.743 Thread 0x000001ae9969f800 DEOPT UNPACKING pc=0x000001aea1db7b2f sp=0x000000989e9f9ef8 mode 2
Event: 157.970 Thread 0x000001aec3298800 DEOPT PACKING pc=0x000001aea2825cfb sp=0x00000098a08fe3d0
Event: 157.970 Thread 0x000001aec3298800 DEOPT UNPACKING pc=0x000001aea1db794e sp=0x00000098a08fd8a8 mode 0

Classes redefined (0 events):
No events

Internal exceptions (20 events):
Event: 90.813 Thread 0x000001ae9969f800 Exception <a 'java/lang/NoSuchFieldError'{0x000000070d37cee0}: columnsAboutToBeRemoved> (0x000000070d37cee0) thrown at [./src/hotspot/share/prims/jni.cpp, line 2045]
Event: 90.813 Thread 0x000001ae9969f800 Exception <a 'java/lang/NoSuchFieldError'{0x000000070d37d1e8}: columnsInserted> (0x000000070d37d1e8) thrown at [./src/hotspot/share/prims/jni.cpp, line 2045]
Event: 90.813 Thread 0x000001ae9969f800 Exception <a 'java/lang/NoSuchFieldError'{0x000000070d37d4f0}: columnsRemoved> (0x000000070d37d4f0) thrown at [./src/hotspot/share/prims/jni.cpp, line 2045]
Event: 90.813 Thread 0x000001ae9969f800 Exception <a 'java/lang/NoSuchFieldError'{0x000000070d37d800}: modelAboutToBeReset> (0x000000070d37d800) thrown at [./src/hotspot/share/prims/jni.cpp, line 2045]
Event: 90.813 Thread 0x000001ae9969f800 Exception <a 'java/lang/NoSuchFieldError'{0x000000070d37db08}: modelReset> (0x000000070d37db08) thrown at [./src/hotspot/share/prims/jni.cpp, line 2045]
Event: 90.813 Thread 0x000001ae9969f800 Exception <a 'java/lang/NoSuchFieldError'{0x000000070d37de18}: rowsAboutToBeInserted> (0x000000070d37de18) thrown at [./src/hotspot/share/prims/jni.cpp, line 2045]
Event: 90.813 Thread 0x000001ae9969f800 Exception <a 'java/lang/NoSuchFieldError'{0x000000070d37e128}: rowsAboutToBeRemoved> (0x000000070d37e128) thrown at [./src/hotspot/share/prims/jni.cpp, line 2045]
Event: 90.813 Thread 0x000001ae9969f800 Exception <a 'java/lang/NoSuchFieldError'{0x000000070d37e430}: rowsInserted> (0x000000070d37e430) thrown at [./src/hotspot/share/prims/jni.cpp, line 2045]
Event: 90.813 Thread 0x000001ae9969f800 Exception <a 'java/lang/NoSuchFieldError'{0x000000070d37e738}: rowsRemoved> (0x000000070d37e738) thrown at [./src/hotspot/share/prims/jni.cpp, line 2045]
Event: 123.740 Thread 0x000001ae9969f800 Exception <a 'java/lang/NoSuchFieldError'{0x000000070cd0e338}: columnsAboutToBeInserted> (0x000000070cd0e338) thrown at [./src/hotspot/share/prims/jni.cpp, line 2045]
Event: 123.740 Thread 0x000001ae9969f800 Exception <a 'java/lang/NoSuchFieldError'{0x000000070cd0e648}: columnsAboutToBeRemoved> (0x000000070cd0e648) thrown at [./src/hotspot/share/prims/jni.cpp, line 2045]
Event: 123.740 Thread 0x000001ae9969f800 Exception <a 'java/lang/NoSuchFieldError'{0x000000070cd0e950}: columnsInserted> (0x000000070cd0e950) thrown at [./src/hotspot/share/prims/jni.cpp, line 2045]
Event: 123.740 Thread 0x000001ae9969f800 Exception <a 'java/lang/NoSuchFieldError'{0x000000070cd0ec58}: columnsRemoved> (0x000000070cd0ec58) thrown at [./src/hotspot/share/prims/jni.cpp, line 2045]
Event: 123.740 Thread 0x000001ae9969f800 Exception <a 'java/lang/NoSuchFieldError'{0x000000070cd0ef68}: modelAboutToBeReset> (0x000000070cd0ef68) thrown at [./src/hotspot/share/prims/jni.cpp, line 2045]
Event: 123.740 Thread 0x000001ae9969f800 Exception <a 'java/lang/NoSuchFieldError'{0x000000070cd0f270}: modelReset> (0x000000070cd0f270) thrown at [./src/hotspot/share/prims/jni.cpp, line 2045]
Event: 123.740 Thread 0x000001ae9969f800 Exception <a 'java/lang/NoSuchFieldError'{0x000000070cd0f580}: rowsAboutToBeInserted> (0x000000070cd0f580) thrown at [./src/hotspot/share/prims/jni.cpp, line 2045]
Event: 123.740 Thread 0x000001ae9969f800 Exception <a 'java/lang/NoSuchFieldError'{0x000000070cd0f890}: rowsAboutToBeRemoved> (0x000000070cd0f890) thrown at [./src/hotspot/share/prims/jni.cpp, line 2045]
Event: 123.740 Thread 0x000001ae9969f800 Exception <a 'java/lang/NoSuchFieldError'{0x000000070cd0fb98}: rowsInserted> (0x000000070cd0fb98) thrown at [./src/hotspot/share/prims/jni.cpp, line 2045]
Event: 123.740 Thread 0x000001ae9969f800 Exception <a 'java/lang/NoSuchFieldError'{0x000000070cd0fea0}: rowsRemoved> (0x000000070cd0fea0) thrown at [./src/hotspot/share/prims/jni.cpp, line 2045]
Event: 123.743 Thread 0x000001ae9969f800 Implicit null exception at 0x000001aea99c18a5 to 0x000001aea99c4f6c

Events (20 events):
Event: 144.235 Executing VM operation: RevokeBias
Event: 144.235 Executing VM operation: RevokeBias done
Event: 144.238 loading class org/hibernate/engine/spi/EntityKey
Event: 144.238 loading class org/hibernate/engine/spi/EntityKey done
Event: 144.238 loading class org/hibernate/engine/spi/EntityKey
Event: 144.238 loading class org/hibernate/engine/spi/EntityKey done
Event: 144.238 loading class org/hibernate/internal/util/collections/ConcurrentReferenceHashMap$EntrySet
Event: 144.238 loading class org/hibernate/internal/util/collections/ConcurrentReferenceHashMap$EntrySet done
Event: 144.238 loading class org/hibernate/internal/util/collections/ConcurrentReferenceHashMap$EntryIterator
Event: 144.238 loading class org/hibernate/internal/util/collections/ConcurrentReferenceHashMap$EntryIterator done
Event: 144.238 loading class org/hibernate/internal/util/collections/ConcurrentReferenceHashMap$HashIterator
Event: 144.238 loading class org/hibernate/internal/util/collections/ConcurrentReferenceHashMap$HashIterator done
Event: 144.239 loading class org/hibernate/internal/util/collections/ConcurrentReferenceHashMap$WriteThroughEntry
Event: 144.239 loading class org/hibernate/internal/util/collections/ConcurrentReferenceHashMap$WriteThroughEntry done
Event: 144.239 loading class org/hibernate/internal/util/collections/ConcurrentReferenceHashMap$SimpleEntry
Event: 144.239 loading class org/hibernate/internal/util/collections/ConcurrentReferenceHashMap$SimpleEntry done
Event: 144.240 loading class org/hibernate/type/descriptor/sql/TimestampTypeDescriptor$1
Event: 144.240 loading class org/hibernate/type/descriptor/sql/TimestampTypeDescriptor$1 done
Event: 144.240 loading class org/postgresql/util/PGTimestamp
Event: 144.240 loading class org/postgresql/util/PGTimestamp done


Dynamic libraries:
0x00007ff6cb0d0000 - 0x00007ff6cb0dd000 	C:\Program Files\AdoptOpenJDK\jdk-11.0.10.9-hotspot\bin\java.exe
0x00007ff8245f0000 - 0x00007ff8247e5000 	C:\windows\SYSTEM32\ntdll.dll
0x00007ff8229f0000 - 0x00007ff822aad000 	C:\windows\System32\KERNEL32.DLL
0x00007ff821d60000 - 0x00007ff822028000 	C:\windows\System32\KERNELBASE.dll
0x00007ff822550000 - 0x00007ff822650000 	C:\windows\System32\ucrtbase.dll
0x00007ff81d790000 - 0x00007ff81d7a5000 	C:\Program Files\AdoptOpenJDK\jdk-11.0.10.9-hotspot\bin\VCRUNTIME140.dll
0x00007ff81d7b0000 - 0x00007ff81d7c7000 	C:\Program Files\AdoptOpenJDK\jdk-11.0.10.9-hotspot\bin\jli.dll
0x00007ff823020000 - 0x00007ff8231c0000 	C:\windows\System32\USER32.dll
0x00007ff821d30000 - 0x00007ff821d52000 	C:\windows\System32\win32u.dll
0x00007ff823850000 - 0x00007ff82387a000 	C:\windows\System32\GDI32.dll
0x00007ff822030000 - 0x00007ff82213b000 	C:\windows\System32\gdi32full.dll
0x00007ff822330000 - 0x00007ff8223cd000 	C:\windows\System32\msvcp_win.dll
0x00007ff8097c0000 - 0x00007ff809a5a000 	C:\windows\WinSxS\amd64_microsoft.windows.common-controls_6595b64144ccf1df_6.0.19041.844_none_ca00b6081b84eb1d\COMCTL32.dll
0x00007ff824510000 - 0x00007ff8245ae000 	C:\windows\System32\msvcrt.dll
0x00007ff823bb0000 - 0x00007ff823be0000 	C:\windows\System32\IMM32.DLL
0x00007ffff98b0000 - 0x00007ffff994b000 	C:\Program Files\AdoptOpenJDK\jdk-11.0.10.9-hotspot\bin\msvcp140.dll
0x00007fffb3820000 - 0x00007fffb4363000 	C:\Program Files\AdoptOpenJDK\jdk-11.0.10.9-hotspot\bin\server\jvm.dll
0x00007ff8236d0000 - 0x00007ff82377c000 	C:\windows\System32\ADVAPI32.dll
0x00007ff822e10000 - 0x00007ff822eab000 	C:\windows\System32\sechost.dll
0x00007ff8228c0000 - 0x00007ff8229eb000 	C:\windows\System32\RPCRT4.dll
0x00007ff8231c0000 - 0x00007ff8231c8000 	C:\windows\System32\PSAPI.DLL
0x00007ff80ac40000 - 0x00007ff80ac49000 	C:\windows\SYSTEM32\WSOCK32.dll
0x00007ff80a9c0000 - 0x00007ff80a9e7000 	C:\windows\SYSTEM32\WINMM.dll
0x00007ff8231e0000 - 0x00007ff82324b000 	C:\windows\System32\WS2_32.dll
0x00007ff81b640000 - 0x00007ff81b64a000 	C:\windows\SYSTEM32\VERSION.dll
0x00007ff81fc70000 - 0x00007ff81fc82000 	C:\windows\SYSTEM32\kernel.appcore.dll
0x00007ff81d780000 - 0x00007ff81d790000 	C:\Program Files\AdoptOpenJDK\jdk-11.0.10.9-hotspot\bin\verify.dll
0x00007ff809b50000 - 0x00007ff809d34000 	C:\windows\SYSTEM32\DBGHELP.DLL
0x00007ff8089d0000 - 0x00007ff8089fc000 	C:\windows\SYSTEM32\dbgcore.DLL
0x00007ff822480000 - 0x00007ff822500000 	C:\windows\System32\bcryptPrimitives.dll
0x00007ff81d750000 - 0x00007ff81d778000 	C:\Program Files\AdoptOpenJDK\jdk-11.0.10.9-hotspot\bin\java.dll
0x00007ff81d740000 - 0x00007ff81d74a000 	C:\Program Files\AdoptOpenJDK\jdk-11.0.10.9-hotspot\bin\jimage.dll
0x00007ff81d730000 - 0x00007ff81d73e000 	C:\Program Files\AdoptOpenJDK\jdk-11.0.10.9-hotspot\bin\instrument.dll
0x00007ff81c4b0000 - 0x00007ff81c4c7000 	C:\Program Files\AdoptOpenJDK\jdk-11.0.10.9-hotspot\bin\zip.dll
0x00007ff823c90000 - 0x00007ff8243d2000 	C:\windows\System32\SHELL32.dll
0x00007ff81fe70000 - 0x00007ff820601000 	C:\windows\SYSTEM32\windows.storage.dll
0x00007ff822ab0000 - 0x00007ff822e05000 	C:\windows\System32\combase.dll
0x00007ff8217a0000 - 0x00007ff8217cc000 	C:\windows\SYSTEM32\Wldp.dll
0x00007ff8237a0000 - 0x00007ff82384e000 	C:\windows\System32\SHCORE.dll
0x00007ff822860000 - 0x00007ff8228b5000 	C:\windows\System32\shlwapi.dll
0x00007ff821c70000 - 0x00007ff821c8f000 	C:\windows\SYSTEM32\profapi.dll
0x00007ff80c1d0000 - 0x00007ff80c1e9000 	C:\Program Files\AdoptOpenJDK\jdk-11.0.10.9-hotspot\bin\net.dll
0x00007ff8121a0000 - 0x00007ff8122ab000 	C:\windows\SYSTEM32\WINHTTP.dll
0x00007ff821510000 - 0x00007ff82157a000 	C:\windows\system32\mswsock.dll
0x00007ff80c1b0000 - 0x00007ff80c1c2000 	C:\Program Files\AdoptOpenJDK\jdk-11.0.10.9-hotspot\bin\nio.dll
0x00007ff80b950000 - 0x00007ff80b96a000 	E:\IntelliJ IDEA 2020.3.3\bin\breakgen64.dll
0x00000000771d0000 - 0x00000000774b1000 	C:\Users\2000e\AppData\Local\Temp\QtJambi_2000e_amd64_4.8.6_msvc2012x64-20150117-2107\lib\QtCore4.dll
0x00007ff8243e0000 - 0x00007ff82450a000 	C:\windows\System32\ole32.dll
0x00007ffff9800000 - 0x00007ffff98a7000 	C:\windows\SYSTEM32\MSVCP110.dll
0x00007ff80cb50000 - 0x00007ff80cc24000 	C:\windows\SYSTEM32\MSVCR110.dll
0x00007ff80b910000 - 0x00007ff80b950000 	C:\Users\2000e\AppData\Local\Temp\QtJambi_2000e_amd64_4.8.6_msvc2012x64-20150117-2107\lib\qtjambi.dll
0x00007ffff96d0000 - 0x00007ffff9800000 	C:\Users\2000e\AppData\Local\Temp\QtJambi_2000e_amd64_4.8.6_msvc2012x64-20150117-2107\lib\com_trolltech_qt_core.dll
0x0000000076850000 - 0x00000000771c6000 	C:\Users\2000e\AppData\Local\Temp\QtJambi_2000e_amd64_4.8.6_msvc2012x64-20150117-2107\lib\QtGui4.dll
0x00007ff822f40000 - 0x00007ff82301a000 	C:\windows\System32\COMDLG32.dll
0x00007ff823880000 - 0x00007ff82394d000 	C:\windows\System32\OLEAUT32.dll
0x00007ff808f20000 - 0x00007ff808fae000 	C:\windows\SYSTEM32\WINSPOOL.DRV
0x00007fffb30f0000 - 0x00007fffb381f000 	C:\Users\2000e\AppData\Local\Temp\QtJambi_2000e_amd64_4.8.6_msvc2012x64-20150117-2107\lib\com_trolltech_qt_gui.dll
0x00007ff81f7b0000 - 0x00007ff81f84e000 	C:\windows\system32\uxtheme.dll
0x00007ff823950000 - 0x00007ff823a65000 	C:\windows\System32\MSCTF.dll
0x00007ff823be0000 - 0x00007ff823c89000 	C:\windows\System32\clbcatq.dll
0x00007ffff1a00000 - 0x00007ffff1a3e000 	C:\windows\system32\dataexchange.dll
0x00007ff81eab0000 - 0x00007ff81ec95000 	C:\windows\system32\dcomp.dll
0x00007ff81daa0000 - 0x00007ff81dd04000 	C:\windows\system32\d3d11.dll
0x00007ff820670000 - 0x00007ff820763000 	C:\windows\system32\dxgi.dll
0x00007ff81ca10000 - 0x00007ff81cc11000 	C:\windows\system32\twinapi.appcore.dll
0x00007ff8128c0000 - 0x00007ff8129b9000 	C:\windows\SYSTEM32\textinputframework.dll
0x00007ff81f3a0000 - 0x00007ff81f492000 	C:\windows\System32\CoreMessaging.dll
0x00007ff81f040000 - 0x00007ff81f39e000 	C:\windows\System32\CoreUIComponents.dll
0x00007ff81e930000 - 0x00007ff81ea84000 	C:\windows\SYSTEM32\wintypes.dll
0x00007ff820a70000 - 0x00007ff820aa3000 	C:\windows\SYSTEM32\ntmarta.dll
0x00007ff806b90000 - 0x00007ff806c40000 	C:\windows\WinSxS\amd64_microsoft.windows.common-controls_6595b64144ccf1df_5.82.19041.844_none_423537bff6b9828c\comctl32.dll
0x00007ff8216e0000 - 0x00007ff8216f8000 	C:\windows\SYSTEM32\CRYPTSP.dll
0x00007ff820e40000 - 0x00007ff820e74000 	C:\windows\system32\rsaenh.dll
0x00007ff822140000 - 0x00007ff822167000 	C:\windows\System32\bcrypt.dll
0x00007ff821c30000 - 0x00007ff821c5e000 	C:\windows\SYSTEM32\USERENV.dll
0x00007ff821700000 - 0x00007ff82170c000 	C:\windows\SYSTEM32\CRYPTBASE.dll
0x00007ff8211b0000 - 0x00007ff8211eb000 	C:\windows\SYSTEM32\IPHLPAPI.DLL
0x00007ff8231d0000 - 0x00007ff8231d8000 	C:\windows\System32\NSI.dll
0x00007ff81b190000 - 0x00007ff81b1a7000 	C:\windows\SYSTEM32\dhcpcsvc6.DLL
0x00007ff81b110000 - 0x00007ff81b12d000 	C:\windows\SYSTEM32\dhcpcsvc.DLL
0x00007ff8211f0000 - 0x00007ff8212bc000 	C:\windows\SYSTEM32\DNSAPI.dll
0x00007ff80f630000 - 0x00007ff80f63a000 	C:\Windows\System32\rasadhlp.dll
0x00007ff8104e0000 - 0x00007ff81055f000 	C:\windows\System32\fwpuclnt.dll
0x00007ff81d6d0000 - 0x00007ff81d6d9000 	C:\Program Files\AdoptOpenJDK\jdk-11.0.10.9-hotspot\bin\management.dll
0x00007ff80c4d0000 - 0x00007ff80c4db000 	C:\Program Files\AdoptOpenJDK\jdk-11.0.10.9-hotspot\bin\management_ext.dll
0x00007ff81d670000 - 0x00007ff81d67e000 	C:\Program Files\AdoptOpenJDK\jdk-11.0.10.9-hotspot\bin\sunmscapi.dll
0x00007ff8221d0000 - 0x00007ff82232f000 	C:\windows\System32\CRYPT32.dll
0x00007ff821810000 - 0x00007ff821837000 	C:\windows\SYSTEM32\ncrypt.dll
0x00007ff8217d0000 - 0x00007ff82180b000 	C:\windows\SYSTEM32\NTASN1.dll
0x00007ff800bb0000 - 0x00007ff800bd5000 	C:\Program Files\AdoptOpenJDK\jdk-11.0.10.9-hotspot\bin\sunec.dll
0x00007ff8025b0000 - 0x00007ff80265c000 	C:\windows\SYSTEM32\TextShaping.dll

dbghelp: loaded successfully - version: 4.0.5 - missing functions: none
symbol engine: initialized successfully - sym options: 0x614 - pdb path: .;C:\Program Files\AdoptOpenJDK\jdk-11.0.10.9-hotspot\bin;C:\windows\SYSTEM32;C:\windows\WinSxS\amd64_microsoft.windows.common-controls_6595b64144ccf1df_6.0.19041.844_none_ca00b6081b84eb1d;C:\Program Files\AdoptOpenJDK\jdk-11.0.10.9-hotspot\bin\server;E:\IntelliJ IDEA 2020.3.3\bin;C:\Users\2000e\AppData\Local\Temp\QtJambi_2000e_amd64_4.8.6_msvc2012x64-20150117-2107\lib;C:\windows\WinSxS\amd64_microsoft.windows.common-controls_6595b64144ccf1df_5.82.19041.844_none_423537bff6b9828c

VM Arguments:
jvm_args: -javaagent:E:\IntelliJ IDEA 2020.3.3\lib\idea_rt.jar=57228:E:\IntelliJ IDEA 2020.3.3\bin -Dfile.encoding=UTF-8 
java_command: Application
java_class_path (initial): E:\Cross\qtjambi-4.8.6-64\qtjambi-native-win64-msvc2012x64-4.8.6.jar;E:\Cross\qtjambi-4.8.6-64\qtjambi-4.8.6.jar;E:\Cross\lab_hiber\target\classes;C:\Users\2000e\.m2\repository\org\bytedeco\qt-platform\5.15.2-1.5.5\qt-platform-5.15.2-1.5.5.jar;C:\Users\2000e\.m2\repository\org\bytedeco\javacpp-platform\1.5.5\javacpp-platform-1.5.5.jar;C:\Users\2000e\.m2\repository\org\bytedeco\javacpp\1.5.5\javacpp-1.5.5.jar;C:\Users\2000e\.m2\repository\org\bytedeco\javacpp\1.5.5\javacpp-1.5.5-android-arm.jar;C:\Users\2000e\.m2\repository\org\bytedeco\javacpp\1.5.5\javacpp-1.5.5-android-arm64.jar;C:\Users\2000e\.m2\repository\org\bytedeco\javacpp\1.5.5\javacpp-1.5.5-android-x86.jar;C:\Users\2000e\.m2\repository\org\bytedeco\javacpp\1.5.5\javacpp-1.5.5-android-x86_64.jar;C:\Users\2000e\.m2\repository\org\bytedeco\javacpp\1.5.5\javacpp-1.5.5-ios-arm64.jar;C:\Users\2000e\.m2\repository\org\bytedeco\javacpp\1.5.5\javacpp-1.5.5-ios-x86_64.jar;C:\Users\2000e\.m2\repository\org\bytedeco\javacpp\1.5.5\javacpp-1.5.5-linux-armhf.jar;C:\Users\2000e\.m2\repository\org\bytedeco\javacpp\1.5.5\javacpp-1.5.5-linux-arm64.jar;C:\Users\2000e\.m2\repository\org\bytedeco\javacpp\1.5.5\javacpp-1.5.5-linux-ppc64le.jar;C:\Users\2000e\.m2\repository\org\bytedeco\javacpp\1.5.5\javacpp-1.5.5-linux-x86.jar;C:\Users\2000e\.m2\repository\org\bytedeco\javacpp\1.5.5\javacpp-1.5.5-linux-x86_64.jar;C:\Users\2000e\.m2\repository\org\bytedeco\javacpp\1.5.5\javacpp-1.5.5-macosx-arm64.jar;C:\Users\2000e\.m2\repository\org\bytedeco\javacpp\1.5.5\javacpp-1.5.5-macosx-x86_64.jar;C:\Users\2000e\.m2\repository\org\bytedeco\javacpp\1.5.5\javacpp-1.5.5-windows-x86.jar;C:\Users\2000e\.m2\repository\org\bytedeco\javacpp\1.5.5\javacpp-1.5.5-windows-x86_64.jar;C:\Users\2000e\.m2\repository\org\bytedeco\qt\5.15.2-1.5.5\qt-5.15.2-1.5.5.jar;C:\Users\2000e\.m2\repository\org\bytedeco\qt\5.15.2-1.5.5\qt-5.15.2-1.5.5-linux-x86_64.jar;C:\Users\2000e\.m2\repository\org\bytedeco\qt\5.15.2-1.5.5\qt-5.15.2-1.5.5
Launcher Type: SUN_STANDARD

[Global flags]
     intx CICompilerCount                          = 3                                         {product} {ergonomic}
     uint ConcGCThreads                            = 2                                         {product} {ergonomic}
     uint G1ConcRefinementThreads                  = 6                                         {product} {ergonomic}
   size_t G1HeapRegionSize                         = 1048576                                   {product} {ergonomic}
    uintx GCDrainStackTargetSize                   = 64                                        {product} {ergonomic}
   size_t InitialHeapSize                          = 266338304                                 {product} {ergonomic}
   size_t MarkStackSize                            = 4194304                                   {product} {ergonomic}
   size_t MaxHeapSize                              = 4257218560                                {product} {ergonomic}
   size_t MaxNewSize                               = 2554331136                                {product} {ergonomic}
   size_t MinHeapDeltaBytes                        = 1048576                                   {product} {ergonomic}
    uintx NonNMethodCodeHeapSize                   = 5830732                                {pd product} {ergonomic}
    uintx NonProfiledCodeHeapSize                  = 122913754                              {pd product} {ergonomic}
    uintx ProfiledCodeHeapSize                     = 122913754                              {pd product} {ergonomic}
    uintx ReservedCodeCacheSize                    = 251658240                              {pd product} {ergonomic}
     bool SegmentedCodeCache                       = true                                      {product} {ergonomic}
     bool UseCompressedClassPointers               = true                                 {lp64_product} {ergonomic}
     bool UseCompressedOops                        = true                                 {lp64_product} {ergonomic}
     bool UseG1GC                                  = true                                      {product} {ergonomic}
     bool UseLargePagesIndividualAllocation        = false                                  {pd product} {ergonomic}

Logging:
Log output configuration:
 #0: stdout all=warning uptime,level,tags
 #1: stderr all=off uptime,level,tags

Environment Variables:
PATH=C:\Program Files\AdoptOpenJDK\jdk-11.0.10.9-hotspot\bin;C:\windows\system32;C:\windows;C:\windows\System32\Wbem;C:\windows\System32\WindowsPowerShell\v1.0\;C:\windows\System32\OpenSSH\;C:\Program Files\dotnet\;C:\Program Files\Microsoft SQL Server\130\Tools\Binn\;C:\Program Files\Microsoft SQL Server\Client SDK\ODBC\170\Tools\Binn\;C:\ProgramData\chocolatey\bin;C:\Program Files\nodejs\;C:\Program Files (x86)\Yarn\bin\;C:\Program Files\NVIDIA Corporation\NVIDIA NvDLISR;C:\Program Files (x86)\NVIDIA Corporation\PhysX\Common;E:\Git\cmd;E:\MATHLAB\bin;C:\Python39\Scripts\;C:\Python39\;C:\Program Files\MySQL\MySQL Shell 8.0\bin\;C:\Users\2000e\AppData\Local\Programs\Python\Python39\Scripts\;C:\Users\2000e\AppData\Local\Programs\Python\Python39\;C:\Users\2000e\AppData\Local\Microsoft\WindowsApps;C:\Users\2000e\.dotnet\tools;C:\Users\2000e\AppData\Local\atom\bin;E:\Server\Node;C:\Users\2000e\AppData\Roaming\npm;C:\Users\2000e\AppData\Local\Yarn\bin;C:\Users\2000e\AppData\Local\GitHubDesktop\bin;E:\IntelliJ IDEA Community Edition 2020.3.3\bin;
USERNAME=2000e
OS=Windows_NT
PROCESSOR_IDENTIFIER=Intel64 Family 6 Model 158 Stepping 10, GenuineIntel



---------------  S Y S T E M  ---------------

OS: Windows 10 , 64 bit Build 19041 (10.0.19041.928)
OS uptime: 0 days 4:01 hours

CPU:total 6 (initial active 6) (6 cores per cpu, 1 threads per core) family 6 model 158 stepping 10 microcode 0xde, cmov, cx8, fxsr, mmx, sse, sse2, sse3, ssse3, sse4.1, sse4.2, popcnt, avx, avx2, aes, clmul, erms, 3dnowpref, lzcnt, tsc, tscinvbit, bmi1, bmi2, adx, fma

Memory: 4k page, system-wide physical 16238M (9298M free)
TotalPageFile size 18670M (AvailPageFile size 8613M)
current process WorkingSet (physical memory assigned to process): 281M, peak: 296M
current process commit charge ("private bytes"): 417M, peak: 437M

vm_info: OpenJDK 64-Bit Server VM (11.0.10+9) for windows-amd64 JRE (11.0.10+9), built on Jan 20 2021 06:07:07 by "" with MS VC++ 15.9 (VS2017)

END.
